el1: Al el2: Cu esub1: 3.353 esub2: 3.54
n1: 1
n2: 3
initlp: 6.19281164815
initvpa: 14.84375
epa0: -3.27595125
vpa0: 14.84375 

Volumespa: [13.970818749999996, 14.402875781249998, 14.843749999999996, 15.293530468750001, 15.752306249999998]
Energiespa: [-3.34109525, -3.31097125, -3.27595125, -3.236598, -3.19343]
vpa1: 12.3473125133 A^3
epa1: -3.39938018302 eV
B1: 109.274081611 GPa
lpopt1: 5.82412661259
hof1: 93.8698169832 meV/atom

Volumespa: [11.621191759009543, 11.980584984333911, 12.347312513291172, 12.721448429756418, 13.1030668176047]
Energiespa: [-3.3842075, -3.3960445, -3.399678, -3.3958495, -3.385249]
vpa1: 12.3365678982 A^3
epa1: -3.3996805038 eV
B1: 107.813770969 GPa
lpopt1: 5.82243673988
hof1: 93.5694962047 meV/atom
