el1: Al el2: Mg esub1: 3.353 esub2: 1.51011430257
n1: 1
n2: 1
initlp: 3.09640582408
initvpa: 14.84375
epa0: -2.07303145
vpa0: 14.84375 

Volumespa: [13.970818749999999, 14.402875781249996, 14.843749999999996, 15.293530468749999, 15.752306249999998]
Energiespa: [-1.88470415, -1.9848014, -2.07303145, -2.1502103, -2.21710705]
vpa1: 20.1471949838 A^3
epa1: -2.45926179508 eV
B1: 55.2528293164 GPa
lpopt1: 3.42832139041
hof1: -27.7046437988 meV/atom

Volumespa: [18.962378741222604, 19.548803145617001, 20.147194983831795, 20.757675139036881, 21.380364494402176]
Energiespa: [-2.44760195, -2.45850735, -2.4629502, -2.4615163, -2.45474755]
vpa1: 20.2944480785 A^3
epa1: -2.46312072989 eV
B1: 50.5663719614 GPa
lpopt1: 3.43665350134
hof1: -31.5635786082 meV/atom
