el1: Cu el2: Fe esub1: 3.54 esub2: 4.28
n1: 2
n2: 6
initlp: 4.91523786246
initvpa: 14.84375
epa0: -3.750141375
vpa0: 14.84375 

Volumespa: [13.970818749999996, 14.402875781249987, 14.843749999999986, 15.293530468750003, 15.752306249999986]
Energiespa: [-3.858067625, -3.807467, -3.750141375, -3.687195375, -3.6195275]
vpa1: 12.2074115592 A^3
epa1: -3.9691297281 eV
B1: 183.716346396 GPa
lpopt1: 4.60508719603
hof1: 125.870271904 meV/atom

Volumespa: [11.489518100221405, 11.844839228474882, 12.207411559194519, 12.577308336849674, 12.954602805909687]
Energiespa: [-3.932687125, -3.956981, -3.96593325, -3.96141775, -3.945121875]
vpa1: 12.2602828229 A^3
epa1: -3.96607318894 eV
B1: 192.299943896 GPa
lpopt1: 4.61172595304
hof1: 128.926811061 meV/atom
