el1: Cu el2: Fe esub1: 3.54 esub2: 4.28
n1: 3
n2: 1
initlp: 3.90122687677
initvpa: 14.84375
epa0: -3.28430075
vpa0: 14.84375 

Volumespa: [13.970818749999996, 14.402875781249998, 14.843749999999996, 15.293530468750001, 15.752306249999998]
Energiespa: [-3.38102425, -3.3353475, -3.28430075, -3.22869725, -3.16927625]
vpa1: 12.018311985 A^3
epa1: -3.49435804786 eV
B1: 154.181738807 GPa
lpopt1: 3.63608886197
hof1: 230.641952136 meV/atom

Volumespa: [11.311539093790719, 11.661356100738258, 12.018311985004887, 12.382478856462518, 12.753928824983069]
Energiespa: [-3.47256425, -3.48934125, -3.4945625, -3.48944675, -3.47511725]
vpa1: 12.0133551302 A^3
epa1: -3.49456281668 eV
B1: 153.214854195 GPa
lpopt1: 3.63558890149
hof1: 230.437183324 meV/atom
