el1: Si el2: Fe esub1: 4.63 esub2: 4.28
n1: 2
n2: 1
initlp: 5.62654278669
initvpa: 14.84375
epa0: -4.63701966667
vpa0: 14.84375 

Volumespa: [13.970818749999998, 14.402875781250001, 14.84375, 15.293530468750005, 15.752306250000002]
Energiespa: [-4.556837, -4.606110666666667, -4.637019666666666, -4.651685, -4.6520079999999995]
vpa1: 15.5304381763 A^3
epa1: -4.65352661581 eV
B1: 158.20547573 GPa
lpopt1: 5.71200157321
hof1: -140.193282474 meV/atom

Volumespa: [14.617124168029383, 15.069168632026981, 15.530438176301304, 16.001025983481416, 16.481025236196359]
Energiespa: [-4.623366666666667, -4.646312333333333, -4.653530666666667, -4.646902666666667, -4.628111666666666]
vpa1: 15.53038928 A^3
epa1: -4.65353356612 eV
B1: 158.67220842 GPa
lpopt1: 5.71199557861
hof1: -140.200232787 meV/atom
