el1: Si el2: Fe esub1: 4.63 esub2: 4.28
n1: 1
n2: 2
initlp: 5.62654278669
initvpa: 14.84375
epa0: -4.795093
vpa0: 14.84375 

Volumespa: [13.970818749999998, 14.402875781250001, 14.84375, 15.293530468750005, 15.752306250000002]
Energiespa: [-4.873783, -4.838867666666666, -4.7950930000000005, -4.743724666666666, -4.6858656666666665]
vpa1: 12.937395241 A^3
epa1: -4.9130681804 eV
B1: 178.303552967 GPa
lpopt1: 5.37455729996
hof1: -516.401513732 meV/atom

Volumespa: [12.176572901705342, 12.553141664986308, 12.937395241040448, 13.329411254239213, 13.729267328954061]
Energiespa: [-4.882457333333334, -4.905098, -4.912553333333333, -4.906679666666666, -4.889136]
vpa1: 12.95195018 A^3
epa1: -4.91256562749 eV
B1: 182.386035785 GPa
lpopt1: 5.37657205472
hof1: -515.898960826 meV/atom
