el1: Si el2: Mg esub1: 4.63 esub2: 1.51011430257
n1: 1
n2: 1
initlp: 4.91523786246
initvpa: 14.84375
epa0: -2.35903485
vpa0: 14.84375 

Volumespa: [13.970818749999994, 14.402875781249991, 14.843749999999996, 15.293530468749999, 15.752306249999984]
Energiespa: [-2.13055375, -2.25163065, -2.35903485, -2.4536908, -2.5364697]
vpa1: 20.6190610148 A^3
epa1: -2.86446144028 eV
B1: 60.4948100434 GPa
lpopt1: 5.48428005042
hof1: 205.595711002 meV/atom

Volumespa: [19.406495274679337, 20.006654283638284, 20.619061014840053, 21.243839182650721, 21.881112501436377]
Energiespa: [-2.85205895, -2.8644968, -2.86973535, -2.8684115, -2.86111885]
vpa1: 20.7969471864 A^3
epa1: -2.86999952361 eV
B1: 54.9445563531 GPa
lpopt1: 5.50000636353
hof1: 200.057627673 meV/atom
