el1: Si el2: Mg esub1: 4.63 esub2: 1.51011430257
n1: 1
n2: 3
initlp: 3.90122687677
initvpa: 14.84375
epa0: -1.720346
vpa0: 14.84375 

Volumespa: [13.970818749999996, 14.402875781249998, 14.843749999999996, 15.293530468750001, 15.752306249999998]
Energiespa: [-1.46471415, -1.6006774, -1.720346, -1.824964825, -1.915697475]
vpa1: 20.5347447138 A^3
epa1: -2.26126461809 eV
B1: 63.0913436766 GPa
lpopt1: 4.34693453564
hof1: 28.8211088331 meV/atom

Volumespa: [19.32713744662632, 19.924842261009541, 20.534744713752691, 21.156968013324118, 21.791635368192068]
Energiespa: [-2.24801715, -2.26099495, -2.2663346, -2.264820025, -2.25717465]
vpa1: 20.6983187815 A^3
epa1: -2.26656963519 eV
B1: 57.5007694649 GPa
lpopt1: 4.3584461807
hof1: 23.5160917376 meV/atom
