el1: Al el2: Cu str: aucu3 lp: 3.77705094363
epa0: -3.579871
vpa0: 13.4709596766 

Volumespa: [12.678759479954159, 13.070858703261436, 13.470959676616632, 13.87914322577779, 14.295490176502978]
Energiespa: [-3.558407, -3.574697, -3.579871, -3.57505725, -3.5612935]
vpao: 13.4709558822 A^3
epaoe: -3.57987070735 eV
B1: 131.872777281 GPa
lpopt1: 3.77705058899
ene1: -14.319338
epaoa: -3.579871
del: 3.64999999998e-05
c44: 72.352540107 GPa

ene3: -14.319435
epaoa: -3.579871
del: 1.22499999997e-05
c44dy: 72.848105449 GPa

ene2: -14.319466000
epaoa: -3.579871
del: 4.49999999974e-06
(c11-c12)/2: 26.7605285314 GPa

