el1: Al el2: Cu str: f2ca lp: 5.92258570778
epa0: -3.48403533333
vpa0: 17.3122221672 

Volumespa: [16.294125005961757, 16.798031856581538, 17.31222216716861, 17.836799811055993, 18.371868661576674]
Energiespa: [-3.4680006666666667, -3.4801496666666663, -3.4840353333333334, -3.4803833333333336, -3.469871]
vpao: 17.3122288907 A^3
epaoe: -3.48403459108 eV
B1: 77.4346714465 GPa
lpopt1: 5.9225864745
ene1: -10.452022
epaoa: -3.48403533333
del: 2.80000000004e-05
c44: 43.1881278101 GPa

ene3: -10.452078
epaoa: -3.48403533333
del: 9.33333333331e-06
c44dy: 43.1881278094 GPa

ene2: -10.452101000
epaoa: -3.48403533333
del: 1.66666666646e-06
(c11-c12)/2: 7.7121656793 GPa

