el1: Al el2 Cu str cscl lp: 3.04727770481
epa0: -3.64453035
vpa0: 14.1483601682 

Volumespa: [13.316323403458627, 13.728139722875348, 14.148360168232005, 14.577069629689607, 15.014352997409151]
Energiespa: [-3.62601935, -3.64004935, -3.64453035, -3.64032725, -3.62824535]
vpao: 14.1483593883 A^3
epaoe: -3.64452955402 eV
B1: 109.160913163 GPa
lpopt1: 3.04727764881
ene1: -7.2890006
epaoa: -3.64453035
del: 3.00500000003e-05
c44: 56.7149430596 GPa

ene3: -7.2890406
epaoa: -3.64453035
del: 1.00500000002e-05
c44dy: 56.9036783116 GPa

ene2: -7.289059700
epaoa: -3.64453035
del: 5.0000000007e-07
(c11-c12)/2: 2.83102877206 GPa

