el1: Al el2 Cu str cu3au lp: 3.88293651094
epa0: -3.68375825
vpa0: 14.6359486573 

Volumespa: [13.77523778862632, 14.201246346193267, 14.635948657262624, 15.07943253752633, 15.531785802676357]
Energiespa: [-3.66497375, -3.6792355, -3.68375825, -3.6795595, -3.667567]
vpao: 14.6359554079 A^3
epaoe: -3.68375863715 eV
B1: 106.010392644 GPa
lpopt1: 3.88293710792
ene1: -14.734947
epaoa: -3.68375825
del: 2.14999999999e-05
c44: 39.2262226709 GPa

ene3: -14.735004
epaoa: -3.68375825
del: 7.2499999999e-06
c44dy: 39.6823415388 GPa

ene2: -14.735003000
epaoa: -3.68375825
del: 7.49999999972e-06
(c11-c12)/2: 41.0506981426 GPa

