el1: Al el2: Cu str: nacl lp: 5.06000070393
epa0: -3.2565
vpa0: 16.1942837587 

per atom volumes: [15.241930319398836, 15.713297336762716, 16.194283758679248, 16.684986750850992, 17.18550347898049]
per atom energies: [-3.24151315, -3.25286835, -3.2565, -3.2530865, -3.2432605]
vpaf: 16.1942829542 A^3
epaf: -3.25649935695 eV
B1: 77.3732819879 GPa
optlp: 5.06000062014 

epao: -3.2565
ene1: -3.25651155
del: -1.155e-05
c44: -19.0449393096 GPa

epao: -3.2565
ene2: -3.25650385
del: -3.85000000014e-06
c44o: -19.0449393103 GPa

epao: -3.2565
ene3: -3.2564886
del: 1.14e-05
(c11-c12)/2: 56.3928073064 GPa

