el1: Al el2: Cu str: alfe3 lp: 5.82243673988
epa0: -3.39968125
vpa0: 12.3365678982 

per atom volumes: [11.611079013199491, 11.97015949501106, 12.336567898154142, 12.710378242036114, 13.091664546064356]
per atom energies: [-3.38374325, -3.39582275, -3.39968125, -3.39606125, -3.38565375]
vpaf: 12.3365667482 A^3
epaf: -3.39968060427 eV
B1: 107.814645207 GPa
optlp: 5.82243655897 

epao: -3.39968125
ene1: -3.39964025
del: 4.1e-05
c44: 88.7460180651 GPa

epao: -3.39968125
ene2: -3.3996675
del: 1.37499999999e-05
c44o: 89.2871523212 GPa

epao: -3.39968125
ene3: -3.3996805
del: 7.49999999883e-07
(c11-c12)/2: 4.8702083077 GPa

