el1: Al el2: Cu str: sicr3 lp: 4.76007794181
epa0: -3.332200625
vpa0: 13.4819342512 

per atom volumes: [12.689088661780509, 13.081507322030966, 13.481934251226637, 13.890450340973057, 14.307136482875718]
per atom energies: [-3.3140115, -3.327812875, -3.332200625, -3.3281175, -3.316463125]
vpaf: 13.4818913582 A^3
epaf: -3.33219746584 eV
B1: 111.626516869 GPa
optlp: 4.76007289372 

epao: -3.332200625
ene1: -3.332099375
del: 0.00010125
c44: 200.541168338 GPa

epao: -3.332200625
ene2: -3.332166125
del: 3.44999999999e-05
c44o: 204.997638744 GPa

epao: -3.332200625
ene3: -3.332185
del: 1.56250000001e-05
(c11-c12)/2: 92.8431334899 GPa

