el1: Al el2 Fe str cu3au lp: 3.90419937217
epa0: -3.63394875
vpa0: 14.8777059381 

Volumespa: [14.002777807309478, 14.435823194050291, 14.877705938118343, 15.328515305749256, 15.788340563178693]
Energiespa: [-3.6143795, -3.62924125, -3.63394875, -3.62958575, -3.61714025]
vpao: 14.877699183 A^3
epaoe: -3.63394910909 eV
B1: 108.456711296 GPa
lpopt1: 3.90419878128
ene1: -14.535665
epaoa: -3.63394875
del: 3.25000000001e-05
c44: 58.3319768396 GPa

ene3: -14.535752
epaoa: -3.63394875
del: 1.07499999999e-05
c44dy: 57.883269325 GPa

ene2: -14.535780000
epaoa: -3.63394875
del: 3.74999999986e-06
(c11-c12)/2: 20.191838136 GPa

