el1: Al el2 Fe str sicr3 lp: 4.65275050823
epa0: -3.842757625
vpa0: 12.5903936437 

Volumespa: [11.849977774264866, 12.216446362050918, 12.590393643661303, 12.971895161457887, 13.361026457802526]
Energiespa: [-3.817024375, -3.836601375, -3.842757625, -3.837116, -3.821138125]
vpao: 12.5904145501 A^3
epaoe: -3.84275923635 eV
B1: 166.721025779 GPa
lpopt1: 4.65275308353
ene1: -30.741927
epaoa: -3.842757625
del: 1.67499999999e-05
c44: 35.5249837991 GPa

ene3: -30.742016
epaoa: -3.842757625
del: 5.62500000001e-06
c44dy: 35.7900956187 GPa

ene2: -30.741868000
epaoa: -3.842757625
del: 2.41249999999e-05
(c11-c12)/2: 153.499743431 GPa

