el1: Al el2 Fe str fe3al lp: 6.20449136545
epa0: -3.3187865
vpa0: 14.9278949725 

Volumespa: [14.050015324972421, 14.48452156393745, 14.927894972516151, 15.380225118078368, 15.841601567993923]
Energiespa: [-3.301844, -3.31470675, -3.3187865, -3.314998, -3.3041785]
vpao: 14.9278862738 A^3
epaoe: -3.3187865669 eV
B1: 93.7580040397 GPa
lpopt1: 6.2044901603
ene1: -13.275021
epaoa: -3.3187865
del: 3.12499999997e-05
c44: 55.8998716742 GPa

ene3: -13.275104
epaoa: -3.3187865
del: 1.04999999997e-05
c44dy: 56.3470706465 GPa

ene2: -13.275169000
epaoa: -3.3187865
del: -5.75000000014e-06
(c11-c12)/2: -30.8567291652 GPa

