el1: Al el2: Fe str: aucu3 lp: 3.72111251685
epa0: -3.774525
vpa0: 12.8812620434 

per atom volumes: [12.123740785144721, 12.498675679441757, 12.881262043392553, 13.271577164569393, 13.669698330544525]
per atom energies: [-3.75288575, -3.7692995, -3.774525, -3.769647, -3.7556695]
vpaf: 12.8812606256 A^3
epaf: -3.77452430405 eV
B1: 139.496641619 GPa
optlp: 3.72111238033 

epao: -3.774525
ene1: -3.77447825
del: 4.67500000001e-05
c44: 96.913120999 GPa

epao: -3.774525
ene2: -3.7745095
del: 1.54999999999e-05
c44o: 96.3948690145 GPa

epao: -3.774525
ene3: -3.7745115
del: 1.35000000001e-05
(c11-c12)/2: 83.9568214007 GPa

