el1: Al el2: Fe str: cr3si lp: 4.96689325846
epa0: -3.265183625
vpa0: 15.3166748678 

per atom volumes: [14.415931852207013, 14.861754307585091, 15.316674867834633, 15.780785433004896, 16.254177903145074]
per atom energies: [-3.246025, -3.260564, -3.265183625, -3.260886875, -3.248611625]
vpaf: 15.3166743337 A^3
epaf: -3.26518198328 eV
B1: 103.486388956 GPa
optlp: 4.96689320072 

epao: -3.265183625
ene1: -3.265182375
del: 1.24999999995e-06
c44: 2.1792390206 GPa

epao: -3.265183625
ene2: -3.265183125
del: 5.0000000007e-07
c44o: 2.61508682519 GPa

epao: -3.265183625
ene3: -3.265171625
del: 1.20000000003e-05
(c11-c12)/2: 62.7620837975 GPa

