el1: Al el2: Fe str: cscl lp: 2.95315866822
epa0: -4.1580325
vpa0: 12.8774641301 

Volumespa: [12.12016621951582, 12.494990567949992, 12.877464130077415, 13.267664170682906, 13.665667954551207]
Energiespa: [-4.13556175, -4.15259815, -4.1580325, -4.1529451, -4.13833995]
vpao: 12.8774662524 A^3
epaoe: -4.15803157431 eV
B1: 145.311025754 GPa
lpopt1: 2.95315883045
ene1: -8.3159572
epaoa: -4.1580325
del: 5.39000000002e-05
c44: 111.768050737 GPa

ene3: -8.3160289
epaoa: -4.1580325
del: 1.80500000004e-05
c44dy: 112.286455427 GPa

ene2: -8.316039300
epaoa: -4.1580325
del: 1.28500000001e-05
(c11-c12)/2: 79.9380028926 GPa

