el1: Al el2: Fe str: alfe3 lp: 5.77064901641
epa0: -3.7018905
vpa0: 12.0103039504 

per atom volumes: [11.304001995716693, 11.653585912801972, 12.010303950433805, 12.374228170435893, 12.74543063463196]
per atom energies: [-3.68202275, -3.697097, -3.7018905, -3.697412, -3.68455475]
vpaf: 12.0102708138 A^3
epaf: -3.70189348709 eV
B1: 137.481397668 GPa
optlp: 5.7706437093 

epao: -3.7018905
ene1: -3.7018325
del: 5.80000000001e-05
c44: 128.953913114 GPa

epao: -3.7018905
ene2: -3.70187125
del: 1.92500000002e-05
c44o: 128.398077283 GPa

epao: -3.7018905
ene3: -3.701886
del: 4.50000000018e-06
(c11-c12)/2: 30.0151349502 GPa

