el1: Al el2: Fe str: nacl lp: 4.90000057011
epa0: -3.5565
vpa0: 14.7061301331 

Volumespa: [13.841292032259487, 14.269343362044449, 14.706130133128511, 15.151740582292435, 15.606262946317036]
Energiespa: [-3.54020495, -3.5525511, -3.5565, -3.5527878, -3.5421011]
vpao: 14.7061283539 A^3
epaoe: -3.55649929862 eV
B1: 92.6522093852 GPa
lpopt1: 4.9000003725
ene1: -7.1130294
epaoa: -3.5565
del: -1.46999999999e-05
c44: -26.6918278151 GPa

ene3: -7.1130098
epaoa: -3.5565
del: -4.89999999997e-06
c44dy: -26.6918278151 GPa

ene2: -7.112959900
epaoa: -3.5565
del: 2.00500000003e-05
(c11-c12)/2: 109.218601572 GPa

