el1: Al el2: Fe str: f2ca lp: 5.78355027821
epa0: -3.73824966667
vpa0: 16.1213831625 

Volumespa: [15.173316861480096, 15.642561961190999, 16.121383162500436, 16.609877193707359, 17.108140783110766]
Energiespa: [-3.72081, -3.734026, -3.7382496666666665, -3.7342816666666665, -3.722859]
vpao: 16.1213753837 A^3
epaoe: -3.73824974869 eV
B1: 90.4016618693 GPa
lpopt1: 5.783549348
ene1: -11.214663
epaoa: -3.73824966667
del: 2.86666666667e-05
c44: 47.4825941406 GPa

ene3: -11.21472
epaoa: -3.73824966667
del: 9.66666666669e-06
c44dy: 48.0347173283 GPa

ene2: -11.214727000
epaoa: -3.73824966667
del: 7.33333333303e-06
(c11-c12)/2: 36.4401303854 GPa

