el1: Al el2: Fe str: mgcu2 lp: 6.89643574564
epa0: -3.04566633333
vpa0: 13.6666741865 

per atom volumes: [12.86296441091679, 13.260760296462534, 13.666674186475015, 14.080788080999397, 14.503183980080779]
per atom energies: [-3.0237985, -3.0404890000000004, -3.045666333333333, -3.0410241666666664, -3.028071666666667]
vpaf: 13.6667199571 A^3
epaf: -3.04566872017 eV
B1: 127.838425115 GPa
optlp: 6.89644344451 

epao: -3.04566633333
ene1: -3.04553366667
del: 0.000132666666666
c44: 259.213045079 GPa

epao: -3.04566633333
ene2: -3.04562166667
del: 4.46666666662e-05
c44o: 261.818201309 GPa

epao: -3.04566633333
ene3: -3.04557233333
del: 9.39999999994e-05
(c11-c12)/2: 550.990543055 GPa

