el1: Al el2: Mg str: nacl lp: 5.74001336015
epa0: -2.2015
vpa0: 23.6400680697 

per atom volumes: [22.249842946669798, 22.937934407974943, 23.6400680697135, 24.356385772293898, 25.087029356124528]
per atom energies: [-2.1919458, -2.1991833, -2.2015, -2.19931675, -2.19302675]
vpaf: 23.6399087861 A^3
epaf: -2.20149957464 eV
B1: 33.8561608883 GPa
optlp: 5.74000046831 

epao: -2.2015
ene1: -2.20150305
del: -3.05000000012e-06
c44: -3.44519156207 GPa

epao: -2.2015
ene2: -2.201501
del: -1.00000000014e-06
c44o: -3.38871301222 GPa

epao: -2.2015
ene3: -2.20148965
del: 1.03499999997e-05
(c11-c12)/2: 35.0731796706 GPa

