el1: Al el2: Mg str: cscl lp: 3.43665350134
epa0: -2.4631208
vpa0: 20.2944480786 

per atom volumes: [19.100972175957601, 19.691682676180292, 20.294448078561661, 20.909390149790152, 21.536630656554255]
per atom energies: [-2.4508188, -2.4601439, -2.4631208, -2.4603291, -2.4523019]
vpaf: 20.2944484712 A^3
epaf: -2.46312084707 eV
B1: 50.5690692725 GPa
optlp: 3.4366535235 

epao: -2.4631208
ene1: -2.4630958
del: 2.49999999999e-05
c44: 32.8944089536 GPa

epao: -2.4631208
ene2: -2.46311245
del: 8.34999999988e-06
c44o: 32.9601977711 GPa

epao: -2.4631208
ene3: -2.46311855
del: 2.25000000009e-06
(c11-c12)/2: 8.88149041785 GPa

