el1: Al el2: Mg str: aucu3 lp: 4.44723447601
epa0: -2.016735525
vpa0: 21.9892335537 

Volumespa: [20.696090706886764, 21.336131327934709, 21.989233553713554, 22.655529319624637, 23.335150561069259]
Energiespa: [-2.00481475, -2.01385815, -2.016735525, -2.014049775, -2.00635915]
vpao: 21.9891391938 A^3
epaoe: -2.01673510116 eV
B1: 44.993631977 GPa
lpopt1: 4.4472281147
ene1: -8.0668603
epaoa: -2.016735525
del: 2.04500000001e-05
c44: 24.8338707197 GPa

ene3: -8.0669149
epaoa: -2.016735525
del: 6.79999999997e-06
c44dy: 24.7731522092 GPa

ene2: -8.066927000
epaoa: -2.016735525
del: 3.77500000015e-06
(c11-c12)/2: 13.7527425873 GPa

