el1: Al el2: Mg str: cu3au lp: 4.23855566379
epa0: -2.93157175
vpa0: 19.0367883591 

Volumespa: [17.91727290925979, 18.471376708027552, 19.036788359080603, 19.61362208314911, 20.201992100963214]
Energiespa: [-2.91726825, -2.928109, -2.93157175, -2.9283245, -2.9189885]
vpao: 19.0368291093 A^3
epaoe: -2.93157120142 eV
B1: 62.6886162343 GPa
lpopt1: 4.23855868814
ene1: -11.726192
epaoa: -2.93157175
del: 2.375e-05
c44: 33.3141191468 GPa

ene3: -11.726255
epaoa: -2.93157175
del: 7.99999999979e-06
c44dy: 33.6647940843 GPa

ene2: -11.726273000
epaoa: -2.93157175
del: 3.4999999996e-06
(c11-c12)/2: 14.7283474106 GPa

