el1: Al el2: Si str: cscl lp: 3.191145709
epa0: -3.84122725
vpa0: 16.2483740558 

per atom volumes: [15.292839674336212, 15.765781097978694, 16.248374055810309, 16.740716038075419, 17.242904535018347]
per atom energies: [-3.82132215, -3.83641115, -3.84122725, -3.8367141, -3.823749]
vpaf: 16.2483722919 A^3
epaf: -3.84122645694 eV
B1: 102.114825806 GPa
optlp: 3.19114559353 

epao: -3.84122725
ene1: -3.84120955
del: 1.77000000003e-05
c44: 29.0885944676 GPa

epao: -3.84122725
ene2: -3.84122135
del: 5.90000000011e-06
c44o: 29.0885944676 GPa

epao: -3.84122725
ene3: -3.8412307
del: -3.4499999999e-06
(c11-c12)/2: -17.0094323574 GPa

