el1: Al el2: Si str: cu3au lp: 4.05514653896
epa0: -3.5590725
vpa0: 16.6709238169 

per atom volumes: [15.690540129070706, 16.175780708609047, 16.67092381689465, 17.176069479470364, 17.691317721879123]
per atom energies: [-3.539574, -3.55438325, -3.5590725, -3.55471475, -3.54222825]
vpaf: 16.6709183188 A^3
epaf: -3.55907832444 eV
B1: 96.738305616 GPa
optlp: 4.05514609316 

epao: -3.5590725
ene1: -3.559053
del: 1.95000000001e-05
c44: 31.234490044 GPa

epao: -3.5590725
ene2: -3.559066
del: 6.50000000002e-06
c44o: 31.234490044 GPa

epao: -3.5590725
ene3: -3.559066
del: 6.50000000002e-06
(c11-c12)/2: 31.234490044 GPa

