el1: Al el2: Si str: f2ca lp: 6.12696323334
epa0: -3.62140266667
vpa0: 19.1670191444 

Volumespa: [18.039845082522337, 18.597739508757339, 19.167019144364094, 19.747798991457476, 20.340194052152338]
Energiespa: [-3.6045226666666665, -3.6173133333333336, -3.6214026666666665, -3.617561333333333, -3.606507]
vpao: 19.1670308615 A^3
epaoe: -3.62140200716 eV
B1: 73.5910490155 GPa
lpopt1: 6.12696448185
ene1: -10.864175
epaoa: -3.62140266667
del: 1.10000000002e-05
c44: 15.3248832658 GPa

ene3: -10.864197
epaoa: -3.62140266667
del: 3.66666666629e-06
c44dy: 15.324883264 GPa

ene2: -10.864208000
epaoa: -3.62140266667
del: 0.0
(c11-c12)/2: 0.0 GPa

