el1: Al el2 Si str nacl lp: 5.24000154022
epa0: -3.7115
vpa0: 17.984743859 

Volumespa: [16.927097042171845, 17.450578981676742, 17.984743859033905, 18.529699582706495, 19.085554061157655]
Energiespa: [-3.69509405, -3.70752215, -3.7115, -3.70775635, -3.6969716]
vpao: 17.9847333116 A^3
epaoe: -3.71149928424 eV
B1: 76.3600949738 GPa
lpopt1: 5.24000051586
ene1: -7.4230169
epaoa: -3.7115
del: -8.45000000016e-06
c44: -12.5461886578 GPa

ene3: -7.4230056
epaoa: -3.7115
del: -2.79999999986e-06
c44dy: -12.4719508543 GPa

ene2: -7.422996400
epaoa: -3.7115
del: 1.80000000016e-06
(c11-c12)/2: 8.01768269315 GPa

