el1: Cu el2: Fe str: fe3al lp: 5.70201397635
epa0: -3.437915
vpa0: 11.5868357276 

Volumespa: [10.90543709217401, 11.242695119698578, 11.586835727645378, 11.937928437028758, 12.296042768863092]
Energiespa: [-3.41922775, -3.433401, -3.437915, -3.4336995, -3.421617]
vpao: 11.5868411352 A^3
epaoe: -3.4379142467 eV
B1: 133.983634452 GPa
lpopt1: 5.7020148634
ene1: -13.751433
epaoa: -3.437915
del: 5.67499999997e-05
c44: 130.785665129 GPa

ene3: -13.751584
epaoa: -3.437915
del: 1.9e-05
c44dy: 131.361813434 GPa

ene2: -13.751648000
epaoa: -3.437915
del: 2.99999999998e-06
(c11-c12)/2: 20.7413389631 GPa

