el1: Cu el2: Fe str: cscl lp: 2.89287246234
epa0: -3.692657
vpa0: 12.1048069192 

per atom volumes: [11.392947433870479, 11.745282048866857, 12.104806919173214, 12.471594673631079, 12.84571794108197]
per atom energies: [-3.66901335, -3.686956, -3.692657, -3.68735115, -3.67217825]
vpaf: 12.1048072132 A^3
epaf: -3.69265633533 eV
B1: 161.714168558 GPa
optlp: 2.89287248576 

epao: -3.692657
ene1: -3.69260915
del: 4.78500000001e-05
c44: 105.55611487 GPa

epao: -3.692657
ene2: -3.69264095
del: 1.60500000002e-05
c44o: 106.217908695 GPa

epao: -3.692657
ene3: -3.6926501
del: 6.90000000025e-06
(c11-c12)/2: 45.6637738326 GPa

