el1: Cu el2: Fe str: nacl lp: 4.84000053367
epa0: -3.28
vpa0: 14.1724926881 

Volumespa: [13.339036738077503, 13.751555482749392, 14.172492688077996, 14.601933389019452, 15.039962620529877]
Energiespa: [-3.260907, -3.2753908, -3.28, -3.2756999, -3.26338325]
vpao: 14.1724906689 A^3
epaoe: -3.27999941841 eV
B1: 111.80185299 GPa
lpopt1: 4.84000030381
ene1: -6.5599894
epaoa: -3.28
del: 5.29999999976e-06
c44: 9.98594159984 GPa

ene3: -6.5599965
epaoa: -3.28
del: 1.75000000002e-06
c44dy: 9.89173460418 GPa

ene2: -6.559953800
epaoa: -3.28
del: 2.30999999999e-05
(c11-c12)/2: 130.570896773 GPa

