el1: Cu el2: Fe str: aucu3 lp: 3.61144759957
epa0: -3.8278225
vpa0: 11.7756248712 

per atom volumes: [11.083123923786044, 11.425877036912418, 11.775624871212299, 12.1324380804349, 12.496387318329463]
per atom energies: [-3.8032545, -3.821901, -3.8278225, -3.82231675, -3.80658225]
vpaf: 11.7756308346 A^3
epaf: -3.82782170416 eV
B1: 172.576053313 GPa
optlp: 3.61144820921 

epao: -3.8278225
ene1: -3.827787
del: 3.55000000001e-05
c44: 80.5014129233 GPa

epao: -3.8278225
ene2: -3.82781075
del: 1.17500000001e-05
c44o: 79.9345015651 GPa

epao: -3.8278225
ene3: -3.8278125
del: 1.00000000001e-05
(c11-c12)/2: 68.0293630341 GPa

