el1: Cu el2: Fe str: cu3au lp: 3.63558890149
epa0: -3.4945635
vpa0: 12.0133551302 

per atom volumes: [11.306873741699194, 11.65654646947381, 12.013355130195746, 12.377371803995807, 12.748668571004771]
per atom energies: [-3.47225325, -3.4891935, -3.4945635, -3.4895835, -3.475377]
vpaf: 12.0133553415 A^3
epaf: -3.49456294142 eV
B1: 153.216314216 GPa
optlp: 3.63558892281 

epao: -3.4945635
ene1: -3.4945335
del: 2.99999999998e-05
c44: 66.683174036 GPa

epao: -3.4945635
ene2: -3.4945535
del: 1.00000000001e-05
c44o: 66.683174037 GPa

epao: -3.4945635
ene3: -3.49455275
del: 1.07499999999e-05
(c11-c12)/2: 71.684412089 GPa

