el1: Cu el2: Fe str: sicr3 lp: 4.61172595304
epa0: -3.9660715
vpa0: 12.2602828229 

per atom volumes: [11.539280110665574, 11.896140162792181, 12.260282822915595, 12.631781652732766, 13.010710213940616]
per atom energies: [-3.93712575, -3.959151375, -3.9660715, -3.95974, -3.94182575]
vpaf: 12.260315858 A^3
epaf: -3.9660733437 eV
B1: 192.303207216 GPa
optlp: 4.6117300951 

epao: -3.9660715
ene1: -3.96603925
del: 3.22499999998e-05
c44: 70.2404672806 GPa

epao: -3.9660715
ene2: -3.96606075
del: 1.07499999999e-05
c44o: 70.2404672806 GPa

epao: -3.9660715
ene3: -3.96604775
del: 2.375e-05
(c11-c12)/2: 155.182427714 GPa

