el1: Mg el2 Cu str mgcu2 lp: 7.03332184744
epa0: -3.00344
vpa0: 14.4967360762 

Volumespa: [13.644212021011107, 14.066168517980442, 14.496736076179047, 14.936001676023352, 15.384052297929815]
Energiespa: [-2.985094833333333, -2.9990176666666666, -3.00344, -2.9993271666666668, -2.9875738333333337]
vpao: 14.4967365728 A^3
epaoe: -3.00343913156 eV
B1: 104.693556719 GPa
lpopt1: 7.03332192775
ene1: -18.02057
epaoa: -3.00344
del: 1.16666666665e-05
c44: 21.4899620943 GPa

ene3: -18.020616
epaoa: -3.00344
del: 3.99999999967e-06
c44dy: 22.1039610098 GPa

ene2: -18.020653000
epaoa: -3.00344
del: -2.16666666653e-06
(c11-c12)/2: -11.9729788805 GPa

