el1: Mg el2: Cu str: aucu3 lp: 3.80825698642
epa0: -3.05741275
vpa0: 13.8076176105 

per atom volumes: [12.99561923402873, 13.397517559816526, 13.807617610464956, 14.226002231679646, 14.652754269166298]
per atom energies: [-3.0401185, -3.0532385, -3.05741275, -3.05352075, -3.042378]
vpaf: 13.8076230357 A^3
epaf: -3.05741201335 eV
B1: 103.887312284 GPa
optlp: 3.8082574852 

epao: -3.05741275
ene1: -3.05739075
del: 2.2e-05
c44: 42.5464266716 GPa

epao: -3.05741275
ene2: -3.0574055
del: 7.2499999999e-06
c44o: 42.0629445498 GPa

epao: -3.05741275
ene3: -3.05740775
del: 5.00000000025e-06
(c11-c12)/2: 29.0089272776 GPa

