el1: Mg el2: Cu str: nacl lp: 5.26000175992
epa0: -2.295
vpa0: 18.1914652598 

per atom volumes: [17.121661570794227, 17.65116055011099, 18.191465259792082, 18.742684848629047, 19.304928465413422]
per atom energies: [-2.2842027, -2.2923845, -2.295, -2.29254305, -2.2854739]
vpaf: 18.191453325 A^3
epaf: -2.29499954145 eV
B1: 49.5918663088 GPa
optlp: 5.26000060962 

epao: -2.295
ene1: -2.2950008
del: -8.00000000023e-07
c44: -1.17430773776 GPa

epao: -2.295
ene2: -2.29500025
del: -2.50000000257e-07
c44o: -1.10091350525 GPa

epao: -2.295
ene3: -2.29498605
del: 1.395e-05
(c11-c12)/2: 61.4309735299 GPa

