el1: Mg el2: Cu str: alfe3 lp: 5.98969450721
epa0: -2.9253855
vpa0: 13.4305573338 

per atom volumes: [12.640733118153511, 13.03165635046965, 13.430557333842099, 13.837516651614852, 14.252614887131895]
per atom energies: [-2.90995625, -2.92165475, -2.9253855, -2.92189325, -2.91186825]
vpaf: 13.4305490328 A^3
epaf: -2.92538502503 eV
B1: 95.6525850481 GPa
optlp: 5.98969327319 

epao: -2.9253855
ene1: -2.92535325
del: 3.22499999998e-05
c44: 64.1202614107 GPa

epao: -2.9253855
ene2: -2.92537475
del: 1.07499999999e-05
c44o: 64.1202614107 GPa

epao: -2.9253855
ene3: -2.92538925
del: -3.74999999986e-06
(c11-c12)/2: -22.3675330495 GPa

