el1: Mg el2: Cu str: cscl lp: 3.14533395368
epa0: -2.55308315
vpa0: 15.5585920549 

per atom volumes: [14.643622373368084, 15.096486312311056, 15.558592054934669, 16.030032952791249, 16.510902357433114]
per atom energies: [-2.5393204, -2.54975595, -2.55308315, -2.5499703, -2.5410376]
vpaf: 15.5585898035 A^3
epaf: -2.55308263778 eV
B1: 73.6153386812 GPa
optlp: 3.14533380196 

epao: -2.55308315
ene1: -2.55305335
del: 2.98000000001e-05
c44: 51.1452569901 GPa

epao: -2.55308315
ene2: -2.55307315
del: 1.00000000001e-05
c44o: 51.4885137486 GPa

epao: -2.55308315
ene3: -2.5530854
del: -2.25000000009e-06
(c11-c12)/2: -11.5849155938 GPa

