el1: Mg el2 Fe str nacl lp: 5.22000121426
epa0: -2.295
vpa0: 17.7795934075 

Volumespa: [16.734011078385812, 17.251521703697737, 17.779593407493703, 18.318332867334167, 18.867846760779575]
Energiespa: [-2.28293285, -2.292082, -2.295, -2.2922685, -2.28442735]
vpao: 17.7795875296 A^3
epaoe: -2.29499956213 eV
B1: 56.5124558797 GPa
lpopt1: 5.22000063902
ene1: -4.5900225
epaoa: -2.295
del: -1.125e-05
c44: -16.8962352614 GPa

ene3: -4.5900075
epaoa: -2.295
del: -3.74999999986e-06
c44dy: -16.8962352607 GPa

ene2: -4.589972300
epaoa: -2.295
del: 1.38499999998e-05
(c11-c12)/2: 62.4034288976 GPa

