el1: Mg el2: Fe str: cu3au lp: 4.24150269176
epa0: -1.9535818
vpa0: 19.0765242751 

Volumespa: [17.954672035519721, 18.509932427594745, 19.076524275089167, 19.654562037148647, 20.244160172918829]
Energiespa: [-1.9410162, -1.950553775, -1.9535818, -1.950766575, -1.94272205]
vpao: 19.0765128084 A^3
epaoe: -1.9535815106 eV
B1: 54.476304835 GPa
lpopt1: 4.24150184192
ene1: -7.8142416
epaoa: -1.9535818
del: 2.14000000001e-05
c44: 29.9553305912 GPa

ene3: -7.8142987
epaoa: -1.9535818
del: 7.125e-06
c44dy: 29.920336046 GPa

ene2: -7.814305200
epaoa: -1.9535818
del: 5.5000000001e-06
(c11-c12)/2: 23.0963997553 GPa

