el1: Mg el2: Fe str: mgcu2 lp: 7.07968345751
epa0: -2.8861025
vpa0: 14.7853046967 

per atom volumes: [13.915810498135128, 14.346166361943174, 14.785304696741079, 15.233314214357035, 15.690283626619211]
per atom energies: [-2.8690585, -2.8820251666666667, -2.8861025, -2.8823015, -2.871265166666667]
vpaf: 14.7852943797 A^3
epaf: -2.88612798219 eV
B1: 95.8098723717 GPa
optlp: 7.0796818108 

epao: -2.8861025
ene1: -2.88592383333
del: 0.000178666666666
c44: 322.680626223 GPa

epao: -2.8861025
ene2: -2.88604216667
del: 6.03333333333e-05
c44o: 326.894738879 GPa

epao: -2.8861025
ene3: -2.88599083333
del: 0.000111666666667
(c11-c12)/2: 605.026174169 GPa

