el1: Mg el2: Fe str: aucu3 lp: 3.79408378459
epa0: -3.34485675
vpa0: 13.6540270899 

per atom volumes: [12.851061064810398, 13.248488831316518, 13.654027089914067, 14.067757764765556, 14.489762780033516]
per atom energies: [-3.32572325, -3.3402355, -3.34485675, -3.3405415, -3.3281745]
vpaf: 13.6540258987 A^3
epaf: -3.34485603333 eV
B1: 116.397213632 GPa
optlp: 3.79408367426 

epao: -3.34485675
ene1: -3.34482375
del: 3.29999999997e-05
c44: 64.5375611581 GPa

epao: -3.34485675
ene2: -3.34484575
del: 1.09999999998e-05
c44o: 64.5375611572 GPa

epao: -3.34485675
ene3: -3.344849
del: 7.74999999997e-06
(c11-c12)/2: 45.4696453616 GPa

