el1: Mg el2: Fe str: cscl lp: 3.16301038957
epa0: -2.65678845
vpa0: 15.8223817888 

per atom volumes: [14.891899160533242, 15.352441227258888, 15.822381788767057, 16.301815779348484, 16.790838133293914]
per atom energies: [-2.64028595, -2.6528074, -2.65678845, -2.6530797, -2.6424672]
vpaf: 15.8223806052 A^3
epaf: -2.65678794432 eV
B1: 86.4340282097 GPa
optlp: 3.1630103107 

epao: -2.65678845
ene1: -2.656751
del: 3.74500000002e-05
c44: 63.2032377703 GPa

epao: -2.65678845
ene2: -2.6567759
del: 1.25500000001e-05
c44o: 63.5407717506 GPa

epao: -2.65678845
ene3: -2.65678575
del: 2.70000000002e-06
(c11-c12)/2: 13.6701261933 GPa

