el1: Si el2: Cu str: aucu3 lp: 3.76759689964
epa0: -3.7841335
vpa0: 13.3700583062 

per atom volumes: [12.583791917334514, 12.97295420445325, 13.370058306205872, 13.775184442942219, 14.188412835012121]
per atom energies: [-3.762441, -3.778892, -3.7841335, -3.77923525, -3.765191]
vpaf: 13.3700560913 A^3
epaf: -3.78413253771 eV
B1: 134.869467057 GPa
optlp: 3.7675966916 

epao: -3.7841335
ene1: -3.78410125
del: 3.22499999998e-05
c44: 64.4103741217 GPa

epao: -3.7841335
ene2: -3.78412275
del: 1.07499999999e-05
c44o: 64.4103741217 GPa

epao: -3.7841335
ene3: -3.784128
del: 5.49999999988e-06
(c11-c12)/2: 32.9541448989 GPa

