el1: Si el2: Cu str: caf2 lp: 5.62250669322
epa0: -3.94415033333
vpa0: 14.8118292633 

per atom volumes: [13.940775207996237, 14.371903122363497, 14.811829263313159, 15.26064250182081, 15.718431708862033]
per atom energies: [-3.9259806666666663, -3.9397409999999997, -3.9441503333333334, -3.9399956666666665, -3.928017]
vpaf: 14.8118440594 A^3
epaf: -3.94414915591 eV
B1: 102.820303339 GPa
optlp: 5.62250856539 

epao: -3.94415033333
ene1: -3.944096
del: 5.43333333334e-05
c44: 97.9527313651 GPa

epao: -3.94415033333
ene2: -3.944132
del: 1.83333333337e-05
c44o: 99.1546053713 GPa

epao: -3.94415033333
ene3: -3.94414733333
del: 2.99999999998e-06
(c11-c12)/2: 16.2252990603 GPa

