el1: Si el2 Cu str nacl lp: 4.92000046616
epa0: -3.945
vpa0: 14.8869402315 

Volumespa: [14.011469050385889, 14.44478321970478, 14.886940231521189, 15.338029407476505, 15.798140069212135]
Energiespa: [-3.92611205, -3.9404258, -3.945, -3.94070575, -3.9283544]
vpao: 14.8869396031 A^3
epaoe: -3.94499921076 eV
B1: 105.949825308 GPa
lpopt1: 4.92000039693
ene1: -7.8899896
epaoa: -3.945
del: 5.19999999993e-06
c44: 9.32732316826 GPa

ene3: -7.8899965
epaoa: -3.945
del: 1.75000000002e-06
c44dy: 9.41700896821 GPa

ene2: -7.889917200
epaoa: -3.945
del: 4.13999999997e-05
(c11-c12)/2: 222.779526444 GPa

