el1: Si el2: Fe str: aucu3 lp: 3.6134088417
epa0: -4.51684
vpa0: 11.794819996 

per atom volumes: [11.101190221710983, 11.444502047335659, 11.794819996037987, 12.152214836737937, 12.516757338355482]
per atom energies: [-4.48965625, -4.51032625, -4.51684, -4.51085075, -4.493848]
vpaf: 11.7948407393 A^3
epaf: -4.51684174374 eV
B1: 188.614369439 GPa
optlp: 3.61341095997 

epao: -4.51684
ene1: -4.51681125
del: 2.87500000002e-05
c44: 65.0886254083 GPa

epao: -4.51684
ene2: -4.51683025
del: 9.75000000025e-06
c44o: 66.2206015035 GPa

epao: -4.51684
ene3: -4.51682
del: 2.00000000001e-05
(c11-c12)/2: 135.837131287 GPa

