el1: Si el2: Fe str: f2ca lp: 5.71199557861
epa0: -4.65353066667
vpa0: 15.5303892799 

per atom volumes: [14.617078147143575, 15.069121187914115, 15.530389279916934, 16.000975605487699, 16.480973346962092]
per atom energies: [-4.623363333333333, -4.646311, -4.653530666666667, -4.646904, -4.628114333333333]
vpaf: 15.5303833446 A^3
epaf: -4.65353361978 eV
B1: 158.672697295 GPa
optlp: 5.71199485094 

epao: -4.65353066667
ene1: -4.653475
del: 5.56666666665e-05
c44: 95.7133182002 GPa

epao: -4.65353066667
ene2: -4.653512
del: 1.86666666666e-05
c44o: 96.2864518422 GPa

epao: -4.65353066667
ene3: -4.65352266667
del: 8.00000000023e-06
(c11-c12)/2: 41.2656222194 GPa

