el1: Si el2: Fe str: alfe3 lp: 5.77363088896
epa0: -4.63671725
vpa0: 12.0289318576 

Volumespa: [11.321534432877389, 11.671660552455291, 12.028931857556579, 12.393420521772404, 12.765198718693902]
Energiespa: [-4.611951, -4.63077325, -4.63671725, -4.63123075, -4.6155835]
vpao: 12.0290112183 A^3
epaoe: -4.63672207067 eV
B1: 169.246383304 GPa
lpopt1: 5.77364358609
ene1: -18.546704
epaoa: -4.63671725
del: 4.12500000007e-05
c44: 91.570029689 GPa

ene3: -18.546814
epaoa: -4.63671725
del: 1.37499999999e-05
c44dy: 91.570029687 GPa

ene2: -18.546847000
epaoa: -4.63671725
del: 5.50000000032e-06
(c11-c12)/2: 36.6280118772 GPa

