el1: Si el2: Fe str: caf2 lp: 5.37657205472
epa0: -4.91256266667
vpa0: 12.95195018 

per atom volumes: [12.190271893789955, 12.567264307678457, 12.951950179973862, 13.344407222377251, 13.744713146589703]
per atom energies: [-4.883581, -4.905634, -4.912562666666667, -4.906218, -4.888254]
vpaf: 12.95195956 A^3
epaf: -4.91256563715 eV
B1: 182.386751557 GPa
optlp: 5.37657335265 

epao: -4.91256266667
ene1: -4.91248766667
del: 7.50000000007e-05
c44: 154.62692369 GPa

epao: -4.91256266667
ene2: -4.91253733333
del: 2.53333333333e-05
c44o: 156.688616005 GPa

epao: -4.91256266667
ene3: -4.912526
del: 3.66666666674e-05
(c11-c12)/2: 226.786154748 GPa

