el1: Si el2: Fe str: nacl lp: 4.77999818045
epa0: -4.525
vpa0: 13.6519034098 

per atom volumes: [12.849062274103403, 13.246428226653276, 13.6519034098286, 14.06556973504982, 14.487509113737385]
per atom energies: [-4.4985093, -4.51867305, -4.525, -4.51921625, -4.502858]
vpaf: 13.6519070457 A^3
epaf: -4.52500325057 eV
B1: 157.898690403 GPa
optlp: 4.77999860479 

epao: -4.525
ene1: -4.5249667
del: 3.33000000001e-05
c44: 65.1343739141 GPa

epao: -4.525
ene2: -4.5249889
del: 1.11e-05
c44o: 65.1343739141 GPa

epao: -4.525
ene3: -4.5249382
del: 6.18000000001e-05
(c11-c12)/2: 362.640027737 GPa

