el1: Si el2: Fe str: cscl lp: 2.96914728883
epa0: -4.6765187
vpa0: 13.0877572191 

per atom volumes: [12.318092392515968, 12.699037741890972, 13.087757219054104, 13.484329350548666, 13.888832662917958]
per atom energies: [-4.64802155, -4.6697028, -4.6765187, -4.67027095, -4.65256675]
vpaf: 13.0877686943 A^3
epaf: -4.67652188537 eV
B1: 177.657377879 GPa
optlp: 2.96914815661 

epao: -4.6765187
ene1: -4.67650095
del: 1.77499999996e-05
c44: 36.2152992755 GPa

epao: -4.6765187
ene2: -4.6765127
del: 5.99999999995e-06
c44o: 36.7253739138 GPa

epao: -4.6765187
ene3: -4.6764819
del: 3.68000000002e-05
(c11-c12)/2: 225.248960007 GPa

