el1: Si el2: Fe str: sicr3 lp: 4.61430199552
epa0: -4.599567125
vpa0: 12.2808395438 

per atom volumes: [11.558627931942066, 11.916086328544491, 12.280839543835974, 12.652961262853751, 13.032525170635088]
per atom energies: [-4.570742125, -4.5926975, -4.599567125, -4.593324375, -4.575717125]
vpaf: 12.280944814 A^3
epaf: -4.59957137871 eV
B1: 190.058511692 GPa
optlp: 4.61431517993 

epao: -4.599567125
ene1: -4.59954525
del: 2.18749999998e-05
c44: 47.5636981036 GPa

epao: -4.599567125
ene2: -4.59955975
del: 7.37500000003e-06
c44o: 48.1072832253 GPa

epao: -4.599567125
ene3: -4.59954875
del: 1.83749999998e-05
(c11-c12)/2: 119.860519221 GPa

