el1: Si el2: Mg str: caf2 lp: 6.51588100954
epa0: -2.50779043333
vpa0: 23.0535699992 

per atom volumes: [21.697835654697741, 22.368855916664796, 23.053569999211366, 23.752116223757479, 24.464632911723101]
per atom energies: [-2.494565466666667, -2.5045930333333333, -2.507790433333333, -2.5047953333333335, -2.4961997666666664]
vpaf: 23.0534398492 A^3
epaf: -2.5077899356 eV
B1: 47.7735915882 GPa
optlp: 6.51586874761 

epao: -2.50779043333
ene1: -2.5077724
del: 1.80333333333e-05
c44: 20.8881321255 GPa

epao: -2.50779043333
ene2: -2.5077844
del: 6.03333333338e-06
c44o: 20.9653525771 GPa

epao: -2.50779043333
ene3: -2.50778116667
del: 9.26666666645e-06
(c11-c12)/2: 32.2009282667 GPa

