el1: Si el2: Mg str: sicr3 lp: 5.53961586301
epa0: -2.30444
vpa0: 21.2495121395 

per atom volumes: [19.999870829586644, 20.618380379430654, 21.24951213948551, 21.893393606824048, 22.550152278519143]
per atom energies: [-2.28999625, -2.300956125, -2.30444, -2.3011945, -2.291908]
vpaf: 21.2494924086 A^3
epaf: -2.30443969438 eV
B1: 56.3245033583 GPa
optlp: 5.53961414844 

epao: -2.30444
ene1: -2.304414375
del: 2.56250000001e-05
c44: 32.2013919925 GPa

epao: -2.30444
ene2: -2.304431375
del: 8.62499999998e-06
c44o: 32.5155519142 GPa

epao: -2.30444
ene3: -2.304431
del: 8.99999999993e-06
(c11-c12)/2: 33.9292715624 GPa

