el1: Si el2: Mg str: nacl lp: 5.50000636353
epa0: -2.87
vpa0: 20.7969471864 

per atom volumes: [19.573920316240503, 20.179257057994374, 20.796947186376961, 21.427115483071368, 22.069886729760707]
per atom energies: [-2.8563202, -2.8666872, -2.87, -2.86688825, -2.85793845]
vpaf: 20.7968825998 A^3
epaf: -2.86999943044 eV
B1: 54.9423351757 GPa
optlp: 5.50000066996 

epao: -2.87
ene1: -2.8699929
del: 7.09999999993e-06
c44: 9.1163174643 GPa

epao: -2.87
ene2: -2.86999765
del: 2.34999999993e-06
c44o: 9.05211804536 GPa

epao: -2.87
ene3: -2.8699841
del: 1.59000000002e-05
(c11-c12)/2: 61.2462455009 GPa

