el1: Si el2: Mg str: aucu3 lp: 4.3584461807
epa0: -2.266570025
vpa0: 20.6983187815 

per atom volumes: [19.48109205057602, 20.083558015348462, 20.698318781477109, 21.325498538874655, 21.965221477453746]
per atom energies: [-2.252165275, -2.263100625, -2.266570025, -2.263347125, -2.2541457]
vpaf: 20.6982724093 A^3
epaf: -2.26656957787 eV
B1: 57.4994549283 GPa
optlp: 4.35844292584 

epao: -2.266570025
ene1: -2.266551825
del: 1.82e-05
c44: 23.479920473 GPa

epao: -2.266570025
ene2: -2.26656395
del: 6.07499999994e-06
c44o: 23.5121731108 GPa

epao: -2.266570025
ene3: -2.2665644
del: 5.62500000001e-06
(c11-c12)/2: 21.7705306584 GPa

