el1: Al el2: Cu esub1: 3.353 esub2: 3.54
n1: 3
n2: 1
initlp: 3.90122687677
initvpa: 14.84375
epa0: -3.68280825
vpa0: 14.84375 

Volumespa: [13.970818749999996, 14.402875781249998, 14.843749999999996, 15.293530468750001, 15.752306249999998]
Energiespa: [-3.67283625, -3.6824925, -3.68280825, -3.674772, -3.65928475]
vpa1: 14.6359817804 A^3
epa1: -3.68375850636 eV
B1: 106.005622971 GPa
lpopt1: 3.88293944015
hof1: -284.008506358 meV/atom

Volumespa: [13.775268963899668, 14.201278485583043, 14.635981780444023, 15.079466664373234, 15.531820953261443]
Energiespa: [-3.664975, -3.67923625, -3.68375825, -3.67955875, -3.66756575]
vpa1: 14.6359486573 A^3
epa1: -3.68375863461 eV
B1: 106.011187053 GPa
lpopt1: 3.88293651094
hof1: -284.008634609 meV/atom
