el1: Al el2: Cu esub1: 3.353 esub2: 3.54
n1: 2
n2: 1
initlp: 5.62654278669
initvpa: 14.84375
epa0: -3.373922
vpa0: 14.84375 

Volumespa: [13.970818749999998, 14.402875781250001, 14.84375, 15.293530468750005, 15.752306250000002]
Energiespa: [-3.2607287333333335, -3.3231663333333334, -3.373922, -3.4139676666666667, -3.444203]
vpa1: 17.3293016394 A^3
epa1: -3.48432273132 eV
B1: 75.908341067 GPa
lpopt1: 5.9245327213
hof1: -68.9893979903 meV/atom

Volumespa: [16.310200068624049, 16.814604051443109, 17.329301639435997, 17.854396808412552, 18.389993534182597]
Energiespa: [-3.4685286666666664, -3.4804019999999998, -3.4840313333333337, -3.4801406666666668, -3.4694073333333333]
vpa1: 17.3122221672 A^3
epa1: -3.48403451679 eV
B1: 77.4341255484 GPa
lpopt1: 5.92258570778
hof1: -68.7011834554 meV/atom
