el1: Al el2: Cu esub1: 3.353 esub2: 3.54
n1: 1
n2: 1
initlp: 3.09640582408
initvpa: 14.84375
epa0: -3.633817
vpa0: 14.84375 

Volumespa: [13.970818749999999, 14.402875781249996, 14.843749999999996, 15.293530468749999, 15.752306249999998]
Energiespa: [-3.64375435, -3.64301755, -3.633817, -3.61696165, -3.5932031]
vpa1: 14.1483839901 A^3
epa1: -3.64453136229 eV
B1: 109.299411049 GPa
lpopt1: 3.04727941507
hof1: -198.031362293 meV/atom

Volumespa: [13.316345824446868, 13.728162837247838, 14.148383990138962, 14.577094173424159, 15.01437827740739]
Energiespa: [-3.6260204, -3.64004985, -3.64453035, -3.6403268, -3.62824445]
vpa1: 14.1483601683 A^3
epa1: -3.64452955856 eV
B1: 109.160921875 GPa
lpopt1: 3.04727770481
hof1: -198.029558561 meV/atom
