el1: Al el2: Cu esub1: 3.353 esub2: 3.54
n1: 1
n2: 1
initlp: 4.91523786246
initvpa: 14.84375
epa0: -3.22499605
vpa0: 14.84375 

Volumespa: [13.970818749999994, 14.402875781249991, 14.843749999999996, 15.293530468749999, 15.752306249999984]
Energiespa: [-3.16208385, -3.19821975, -3.22499605, -3.243169, -3.25344635]
vpa1: 16.1925483308 A^3
epa1: -3.25648723078 eV
B1: 77.7708177761 GPa
lpopt1: 5.0598199492
hof1: 190.012769219 meV/atom

Volumespa: [15.24029694856133, 15.711613452825892, 16.192548330798957, 16.683198737770493, 17.183661829030502]
Energiespa: [-3.24145895, -3.2528422, -3.25649995, -3.2531107, -3.2433072]
vpa1: 16.1942837586 A^3
epa1: -3.25649935136 eV
B1: 77.3734116566 GPa
lpopt1: 5.06000070393
hof1: 190.000648644 meV/atom
