el1: Al el2: Cu esub1: 3.353 esub2: 3.54
n1: 2
n2: 6
initlp: 4.91523786246
initvpa: 14.84375
epa0: -3.292325
vpa0: 14.84375 

Volumespa: [13.970818749999996, 14.402875781249987, 14.843749999999986, 15.293530468750003, 15.752306249999986]
Energiespa: [-3.326417125, -3.312852875, -3.292325, -3.265619625, -3.23317675]
vpa1: 13.4511688264 A^3
epa1: -3.33263430539 eV
B1: 105.691880023 GPa
lpopt1: 4.7564543926
hof1: 160.615694605 meV/atom

Volumespa: [12.660132490092403, 13.051655661123522, 13.451168826437543, 13.858752693047432, 14.274487967966135]
Energiespa: [-3.312577, -3.327113, -3.332176, -3.328711375, -3.317619125]
vpa1: 13.4819342512 A^3
epa1: -3.33219759679 eV
B1: 111.629680498 GPa
lpopt1: 4.76007794181
hof1: 161.052403209 meV/atom
