el1: Al el2: Fe esub1: 3.353 esub2: 4.28
n1: 2
n2: 1
initlp: 5.62654278669
initvpa: 14.84375
epa0: -3.70535566667
vpa0: 14.84375 

Volumespa: [13.970818749999998, 14.402875781250001, 14.84375, 15.293530468750005, 15.752306250000002]
Energiespa: [-3.634755333333333, -3.6755513333333334, -3.7053556666666663, -3.7251313333333336, -3.7357696666666667]
vpa1: 16.1224117682 A^3
epa1: -3.73825379264 eV
B1: 89.9463015159 GPa
lpopt1: 5.78367327978
hof1: -76.2537926422 meV/atom

Volumespa: [15.174284976951157, 15.643560016288626, 16.122411768216423, 16.610936967205152, 17.109232347725417]
Energiespa: [-3.7208476666666663, -3.7340440000000004, -3.7382496666666665, -3.734265, -3.7228266666666667]
vpa1: 16.1213831625 A^3
epa1: -3.73824977025 eV
B1: 90.4011056383 GPa
lpopt1: 5.78355027821
hof1: -76.2497702485 meV/atom
