el1: Al el2: Fe esub1: 3.353 esub2: 4.28
n1: 3
n2: 1
initlp: 6.19281164815
initvpa: 14.84375
epa0: -3.31864625
vpa0: 14.84375 

Volumespa: [13.970818749999996, 14.402875781249998, 14.843749999999996, 15.293530468750001, 15.752306249999998]
Energiespa: [-3.2984335, -3.31300425, -3.31864625, -3.31628425, -3.30676475]
vpa1: 14.9278870672 A^3
epa1: -3.31878657284 eV
B1: 93.7571982578 GPa
lpopt1: 6.20449027023
hof1: 265.963427157 meV/atom

Volumespa: [14.050007884592851, 14.484513893459106, 14.927887067243297, 15.38021697326784, 15.841593178855128]
Energiespa: [-3.30184375, -3.3147065, -3.3187865, -3.31499825, -3.30417875]
vpa1: 14.9278949725 A^3
epa1: -3.31878656947 eV
B1: 93.7577642933 GPa
lpopt1: 6.20449136545
hof1: 265.963430528 meV/atom
