el1: Al el2: Fe esub1: 3.353 esub2: 4.28
n1: 1
n2: 1
initlp: 4.91523786246
initvpa: 14.84375
epa0: -3.5561333
vpa0: 14.84375 

Volumespa: [13.970818749999994, 14.402875781249991, 14.843749999999996, 15.293530468749999, 15.752306249999984]
Energiespa: [-3.5449031, -3.5546262, -3.5561333, -3.55015155, -3.537359]
vpa1: 14.7060781303 A^3
epa1: -3.55649941489 eV
B1: 92.6571367854 GPa
lpopt1: 4.89999479442
hof1: 260.000585115 meV/atom

Volumespa: [13.841243087621484, 14.269292903760375, 14.706078130308672, 15.151687003735152, 15.6062077605086]
Energiespa: [-3.540203, -3.55255015, -3.5565, -3.5527887, -3.54210275]
vpa1: 14.7061301331 A^3
epa1: -3.55649930777 eV
B1: 92.6523550471 GPa
lpopt1: 4.90000057011
hof1: 260.000692227 meV/atom
