el1: Al el2: Fe esub1: 3.353 esub2: 4.28
n1: 1
n2: 3
initlp: 3.90122687677
initvpa: 14.84375
epa0: -3.674252
vpa0: 14.84375 

Volumespa: [13.970818749999996, 14.402875781249998, 14.843749999999996, 15.293530468750001, 15.752306249999998]
Energiespa: [-3.73993325, -3.71075975, -3.674252, -3.63127, -3.58260425]
vpa1: 12.8852910357 A^3
epa1: -3.77441909798 eV
B1: 140.470407759 GPa
lpopt1: 3.72150043874
hof1: 273.830902018 meV/atom

Volumespa: [12.127532840429897, 12.502585006604701, 12.88529103565468, 13.275728239326055, 13.673973929365033]
Energiespa: [-3.753114, -3.7694085, -3.7745245, -3.7695455, -3.7554755]
vpa1: 12.8812620434 A^3
epa1: -3.77452424918 eV
B1: 139.495472345 GPa
lpopt1: 3.72111251685
hof1: 273.725750824 meV/atom
