el1: Al el2: Fe esub1: 3.353 esub2: 4.28
n1: 2
n2: 6
initlp: 4.91523786246
initvpa: 14.84375
epa0: -3.6951625
vpa0: 14.84375 

Volumespa: [13.970818749999996, 14.402875781249987, 14.843749999999986, 15.293530468750003, 15.752306249999986]
Energiespa: [-3.77968525, -3.74088575, -3.6951625, -3.643564125, -3.586942375]
vpa1: 12.553559904 A^3
epa1: -3.84433185871 eV
B1: 160.504549558 GPa
lpopt1: 4.64820880226
hof1: 203.918141291 meV/atom

Volumespa: [11.815310153159725, 12.180706621285275, 12.553559903993794, 12.933945322644702, 13.321938198597447]
Energiespa: [-3.814383875, -3.835322625, -3.84270125, -3.838154125, -3.823153875]
vpa1: 12.5903936436 A^3
epa1: -3.84275924083 eV
B1: 166.720715969 GPa
lpopt1: 4.65275050823
hof1: 205.490759168 meV/atom
