el1: Al el2: Fe esub1: 3.353 esub2: 4.28
n1: 6
n2: 2
initlp: 4.91523786246
initvpa: 14.84375
epa0: -3.26018
vpa0: 14.84375 

Volumespa: [13.970818749999996, 14.402875781249987, 14.843749999999986, 15.293530468750003, 15.752306249999986]
Energiespa: [-3.21985875, -3.2454325, -3.26018, -3.265172125, -3.261385125]
vpa1: 15.3167039424 A^3
epa1: -3.26518308602 eV
B1: 103.528853733 GPa
lpopt1: 4.96689640122
hof1: 319.566913977 meV/atom

Volumespa: [14.415959216940543, 14.861782518591538, 15.316703942384279, 15.78081538854247, 16.254208757289739]
Energiespa: [-3.24602625, -3.260564625, -3.265183625, -3.260886375, -3.2486105]
vpa1: 15.3166748679 A^3
epa1: -3.26518201606 eV
B1: 103.486779407 GPa
lpopt1: 4.96689325846
hof1: 319.567983942 meV/atom
