el1: Al el2: Fe esub1: 3.353 esub2: 4.28
n1: 1
n2: 1
initlp: 3.09640582408
initvpa: 14.84375
epa0: -4.0524678
vpa0: 14.84375 

Volumespa: [13.970818749999999, 14.402875781249996, 14.843749999999996, 15.293530468749999, 15.752306249999998]
Energiespa: [-4.1216117, -4.0909276, -4.0524678, -4.00710045, -3.95562635]
vpa1: 12.8822182784 A^3
epa1: -4.1579003947 eV
B1: 146.487423775 GPa
lpopt1: 2.95352204274
hof1: -341.400394703 meV/atom

Volumespa: [12.124640785923107, 12.499603513353717, 12.882218278441709, 13.272562374496763, 13.670713094828571]
Energiespa: [-4.1358408, -4.1527319, -4.1580317, -4.15282, -4.1381002]
vpa1: 12.8774641301 A^3
epa1: -4.15803158105 eV
B1: 145.311134342 GPa
lpopt1: 2.95315866822
hof1: -341.531581052 meV/atom
