el1: Al el2: Fe esub1: 3.353 esub2: 4.28
n1: 2
n2: 4
initlp: 7.08899969509
initvpa: 14.84375
epa0: -3.0127405
vpa0: 14.84375 

Volumespa: [13.970818749999985, 14.402875781249989, 14.843749999999988, 15.29353046874999, 15.75230624999999]
Energiespa: [-3.0431131666666666, -3.0318035, -3.0127405, -2.9868213333333333, -2.954779333333333]
vpa1: 13.6358933113 A^3
epa1: -3.04597626001 eV
B1: 116.62580376 GPa
lpopt1: 6.89125433639
hof1: 925.023739987 meV/atom

Volumespa: [12.833993697443551, 13.230893644055392, 13.635893311294138, 14.049074514519667, 14.47051906909183]
Energiespa: [-3.0220633333333335, -3.0396661666666667, -3.0456383333333332, -3.0416856666666665, -3.029328833333333]
vpa1: 13.6666741865 A^3
epa1: -3.04566849806 eV
B1: 127.831594134 GPa
lpopt1: 6.89643574564
hof1: 925.331501936 meV/atom
