el1: Al el2: Mg esub1: 3.353 esub2: 1.51011430257
n1: 1
n2: 1
initlp: 4.91523786246
initvpa: 14.84375
epa0: -1.4774396
vpa0: 14.84375 

Volumespa: [13.970818749999994, 14.402875781249991, 14.843749999999996, 15.293530468749999, 15.752306249999984]
Energiespa: [-1.24382125, -1.366172, -1.4774396, -1.57828925, -1.6693516]
vpa1: 23.1400964759 A^3
epa1: -2.18755078016 eV
B1: 40.6878823872 GPa
lpopt1: 5.69925887365
hof1: 244.006371123 meV/atom

Volumespa: [21.779273682332963, 22.45281247045661, 23.140096475886924, 23.841264539202772, 24.556455500983017]
Energiespa: [-2.18376935, -2.1946359, -2.20034255, -2.20132125, -2.1979761]
vpa1: 23.6400680697 A^3
epa1: -2.20150000483 eV
B1: 33.865749203 GPa
lpopt1: 5.74001336015
hof1: 230.057146455 meV/atom
