el1: Al el2: Mg esub1: 3.353 esub2: 1.51011430257
n1: 3
n2: 1
initlp: 3.90122687677
initvpa: 14.84375
epa0: -2.65548625
vpa0: 14.84375 

Volumespa: [13.970818749999996, 14.402875781249998, 14.843749999999996, 15.293530468750001, 15.752306249999998]
Energiespa: [-2.4843429, -2.576476, -2.65548625, -2.7224795, -2.778475]
vpa1: 19.1191870315 A^3
epa1: -2.93315695499 eV
B1: 58.5800919444 GPa
lpopt1: 4.24466223776
hof1: -40.8783793438 meV/atom

Volumespa: [17.994825880552852, 18.551328057478752, 19.11918703150139, 19.698517517742903, 20.289434231325512]
Energiespa: [-2.9192725, -2.929038, -2.9315025, -2.92733025, -2.917139]
vpa1: 19.036788359 A^3
epa1: -2.93157120047 eV
B1: 62.6892866272 GPa
lpopt1: 4.23855566379
hof1: -39.2926248252 meV/atom
