el1: Al el2: Si esub1: 3.353 esub2: 4.63
n1: 3
n2: 1
initlp: 3.90122687677
initvpa: 14.84375
epa0: -3.48367075
vpa0: 14.84375 

Volumespa: [13.970818749999996, 14.402875781249998, 14.843749999999996, 15.293530468750001, 15.752306249999998]
Energiespa: [-3.37401525, -3.435935, -3.48367075, -3.51862675, -3.54208325]
vpa1: 16.6748370551 A^3
epa1: -3.55912797291 eV
B1: 95.5856871106 GPa
lpopt1: 4.05546380818
hof1: 113.122027094 meV/atom

Volumespa: [15.694223237540729, 16.179577719702834, 16.674837055075617, 17.180101292681471, 17.695470481542689]
Energiespa: [-3.539729, -3.554457, -3.559072, -3.55464675, -3.54209825]
vpa1: 16.6709238169 A^3
epa1: -3.55907819314 eV
B1: 96.7372860055 GPa
lpopt1: 4.05514653896
hof1: 113.171806861 meV/atom
