el1: Cu el2: Fe esub1: 3.54 esub2: 4.28
n1: 3
n2: 1
initlp: 6.19281164815
initvpa: 14.84375
epa0: -3.195923
vpa0: 14.84375 

Volumespa: [13.970818749999996, 14.402875781249998, 14.843749999999996, 15.293530468750001, 15.752306249999998]
Energiespa: [-3.2925505, -3.24638175, -3.195923, -3.14177825, -3.0844995]
vpa1: 11.6005992896 A^3
epa1: -3.43728911786 eV
B1: 135.787119701 GPa
lpopt1: 5.70427081823
hof1: 287.710882144 meV/atom

Volumespa: [10.918391246551614, 11.256049890073214, 11.60059928957282, 11.952109048646165, 12.310648770888996]
Energiespa: [-3.4199695, -3.4337535, -3.437908, -3.433362, -3.4209755]
vpa1: 11.5868357277 A^3
epa1: -3.43791422669 eV
B1: 133.984110734 GPa
lpopt1: 5.70201397635
hof1: 287.085773307 meV/atom
