el1: Cu el2: Fe esub1: 3.54 esub2: 4.28
n1: 1
n2: 3
initlp: 3.90122687677
initvpa: 14.84375
epa0: -3.552208
vpa0: 14.84375 

Volumespa: [13.970818749999996, 14.402875781249998, 14.843749999999996, 15.293530468750001, 15.752306249999998]
Energiespa: [-3.6689075, -3.613365, -3.552208, -3.4862835, -3.41636125]
vpa1: 11.7849631808 A^3
epa1: -3.82732218533 eV
B1: 174.306686699 GPa
lpopt1: 3.61240199775
hof1: 267.677814673 meV/atom

Volumespa: [11.091913066098908, 11.434937989403549, 11.784963180837607, 12.142059350180171, 12.506297207210316]
Energiespa: [-3.80390925, -3.82221225, -3.82781875, -3.8220245, -3.80602725]
vpa1: 11.7756248712 A^3
epa1: -3.82782183599 eV
B1: 172.577153757 GPa
lpopt1: 3.61144759957
hof1: 267.178164007 meV/atom
