el1: Cu el2: Fe esub1: 3.54 esub2: 4.28
n1: 1
n2: 1
initlp: 4.91523786246
initvpa: 14.84375
epa0: -3.2698063
vpa0: 14.84375 

Volumespa: [13.970818749999994, 14.402875781249991, 14.843749999999996, 15.293530468749999, 15.752306249999984]
Energiespa: [-3.278972, -3.27873085, -3.2698063, -3.2530939, -3.22942005]
vpa1: 14.17249173 A^3
epa1: -3.28000070446 eV
B1: 111.891558915 GPa
lpopt1: 4.84000042461
hof1: 629.999295541 meV/atom

Volumespa: [13.339035836350957, 13.751554553136343, 14.17249173000935, 14.601932401920354, 15.039961603819751]
Energiespa: [-3.26090695, -3.27539075, -3.28, -3.27569995, -3.26338325]
vpa1: 14.172492688 A^3
epa1: -3.27999942347 eV
B1: 111.80199239 GPa
lpopt1: 4.84000053367
hof1: 630.000576532 meV/atom
