el1: Mg el2: Cu esub1: 1.51011430257 esub2: 3.54
n1: 1
n2: 1
initlp: 3.09640582408
initvpa: 14.84375
epa0: -2.54488055
vpa0: 14.84375 

Volumespa: [13.970818749999999, 14.402875781249996, 14.843749999999996, 15.293530468749999, 15.752306249999998]
Energiespa: [-2.5080916, -2.53047815, -2.54488055, -2.5520133, -2.5525409]
vpa1: 15.5585447353 A^3
epa1: -2.55308390605 eV
B1: 73.7096304904 GPa
lpopt1: 3.14533076495
hof1: -28.0267547688 meV/atom

Volumespa: [14.643577836472017, 15.096440398081326, 15.558544735263389, 16.029984199286609, 16.510852141419377]
Energiespa: [-2.539319, -2.54975525, -2.55308315, -2.54997095, -2.5410388]
vpa1: 15.558592055 A^3
epa1: -2.55308263834 eV
B1: 73.6153011182 GPa
lpopt1: 3.14533395368
hof1: -28.0254870597 meV/atom
