el1: Mg el2: Cu esub1: 1.51011430257 esub2: 3.54
n1: 1
n2: 3
initlp: 6.19281164815
initvpa: 14.84375
epa0: -2.88825175
vpa0: 14.84375 

Volumespa: [13.970818749999996, 14.402875781249998, 14.843749999999996, 15.293530468750001, 15.752306249999998]
Energiespa: [-2.919335, -2.90682725, -2.88825175, -2.8642455, -2.83539575]
vpa1: 13.4318953067 A^3
epa1: -2.92537043743 eV
B1: 96.0019293487 GPa
lpopt1: 5.98989340148
hof1: 107.158138214 meV/atom

Volumespa: [12.641992407526081, 13.032954584218897, 13.431895306723902, 13.838895166412946, 14.254034754657861]
Energiespa: [-2.91000825, -2.9216795, -2.9253855, -2.92187025, -2.911824]
vpa1: 13.4305573338 A^3
epa1: -2.92538500386 eV
B1: 95.6516804522 GPa
lpopt1: 5.98969450721
hof1: 107.143571782 meV/atom
