el1: Mg el2: Cu esub1: 1.51011430257 esub2: 3.54
n1: 1
n2: 1
initlp: 4.91523786246
initvpa: 14.84375
epa0: -2.16092845
vpa0: 14.84375 

Volumespa: [13.970818749999994, 14.402875781249991, 14.843749999999996, 15.293530468749999, 15.752306249999984]
Energiespa: [-2.05982235, -2.11463205, -2.16092845, -2.19934185, -2.23046435]
vpa1: 18.1586034575 A^3
epa1: -2.2944841177 eV
B1: 51.1927903931 GPa
lpopt1: 5.25683255717
hof1: 230.573033581 meV/atom

Volumespa: [17.090732305379497, 17.619274776217207, 18.158603457508669, 18.708827300874646, 19.270055257935862]
Energiespa: [-2.28353435, -2.29205765, -2.2949908, -2.29282885, -2.28603325]
vpa1: 18.1914652598 A^3
epa1: -2.29499955116 eV
B1: 49.591933251 GPa
lpopt1: 5.26000175992
hof1: 230.057600121 meV/atom
