el1: Mg el2: Cu esub1: 1.51011430257 esub2: 3.54
n1: 2
n2: 4
initlp: 7.08899969509
initvpa: 14.84375
epa0: -3.000843
vpa0: 14.84375 

Volumespa: [13.970818749999985, 14.402875781249989, 14.843749999999988, 15.29353046874999, 15.75230624999999]
Energiespa: [-2.9967581666666665, -3.003238833333333, -3.0008429999999997, -2.9905015, -2.973075]
vpa1: 14.4966378086 A^3
epa1: -3.00343994421 eV
B1: 104.727541552 GPa
lpopt1: 7.03330595538
hof1: -140.068510016 meV/atom

Volumespa: [13.644119532352748, 14.0660731690477, 14.496637808600957, 14.935900430839377, 15.383948015589807]
Energiespa: [-2.985090666666667, -2.9990156666666667, -3.00344, -2.999329, -2.9875773333333338]
vpa1: 14.4967360762 A^3
epa1: -3.00343913182 eV
B1: 104.693517772 GPa
lpopt1: 7.03332184744
hof1: -140.067697632 meV/atom
