el1: Mg el2: Cu esub1: 1.51011430257 esub2: 3.54
n1: 1
n2: 3
initlp: 3.90122687677
initvpa: 14.84375
epa0: -3.03535325
vpa0: 14.84375 

Volumespa: [13.970818749999996, 14.402875781249998, 14.843749999999996, 15.293530468750001, 15.752306249999998]
Energiespa: [-3.0568005, -3.04971225, -3.03535325, -3.01450975, -2.98790875]
vpa1: 13.8081594037 A^3
epa1: -3.05740987033 eV
B1: 104.168912474 GPa
lpopt1: 3.80830679614
hof1: -24.8812946848 meV/atom

Volumespa: [12.996129165456287, 13.398043261218836, 13.808159403667153, 14.226560441757663, 14.653329224446814]
Energiespa: [-3.0401415, -3.0532495, -3.05741275, -3.0535105, -3.04235875]
vpa1: 13.8076176105 A^3
epa1: -3.05741195444 eV
B1: 103.886501138 GPa
lpopt1: 3.80825698642
hof1: -24.883378795 meV/atom
