el1: Mg el2: Fe esub1: 1.51011430257 esub2: 4.28
n1: 2
n2: 4
initlp: 7.08899969509
initvpa: 14.84375
epa0: -2.88604483333
vpa0: 14.84375 

Volumespa: [13.970818749999985, 14.402875781249989, 14.843749999999988, 15.29353046874999, 15.75230624999999]
Energiespa: [-2.8712831666666667, -2.8830278333333332, -2.886044833333333, -2.8812341666666668, -2.8692755]
vpa1: 14.7859696941 A^3
epa1: -2.88612498956 eV
B1: 95.6980144454 GPa
lpopt1: 7.07978959668
hof1: 470.579777964 meV/atom

Volumespa: [13.916436388297571, 14.34681160818276, 14.785969694066219, 15.233999361766125, 15.690989327100629]
Energiespa: [-2.8690848333333334, -2.8820373333333333, -2.8861026666666665, -2.88229, -2.8712431666666665]
vpa1: 14.7853046967 A^3
epa1: -2.88612793421 eV
B1: 95.8087305572 GPa
lpopt1: 7.07968345751
hof1: 470.576833316 meV/atom
