el1: Mg el2: Fe esub1: 1.51011430257 esub2: 4.28
n1: 1
n2: 1
initlp: 3.09640582408
initvpa: 14.84375
epa0: -2.6384257
vpa0: 14.84375 

Volumespa: [13.970818749999999, 14.402875781249996, 14.843749999999996, 15.293530468749999, 15.752306249999998]
Energiespa: [-2.58342705, -2.6159775, -2.6384257, -2.651711, -2.656704]
vpa1: 15.8220076554 A^3
epa1: -2.65678755981 eV
B1: 86.6128166304 GPa
lpopt1: 3.16298545871
hof1: 238.269591477 meV/atom

Volumespa: [14.891547029246819, 15.35207820607396, 15.822007655448433, 16.30143030941618, 16.790441100023116]
Energiespa: [-2.64027275, -2.65280105, -2.6567884, -2.6530855, -2.6424783]
vpa1: 15.8223817888 A^3
epa1: -2.65678791398 eV
B1: 86.4338350614 GPa
lpopt1: 3.16301038957
hof1: 238.2692373 meV/atom
