el1: Mg el2: Fe esub1: 1.51011430257 esub2: 4.28
n1: 3
n2: 1
initlp: 3.90122687677
initvpa: 14.84375
epa0: -1.7005046
vpa0: 14.84375 

Volumespa: [13.970818749999996, 14.402875781249998, 14.843749999999996, 15.293530468750001, 15.752306249999998]
Energiespa: [-1.5435533, -1.628025375, -1.7005046, -1.761961975, -1.813302675]
vpa1: 19.0193583251 A^3
epa1: -1.95230414825 eV
B1: 56.9084462461 GPa
lpopt1: 4.23726166526
hof1: 250.281578676 meV/atom

Volumespa: [17.900867900681767, 18.45446436344935, 19.019358325062019, 19.59566390166971, 20.183495209422436]
Energiespa: [-1.93970475, -1.949911325, -1.953552525, -1.9512981, -1.9437652]
vpa1: 19.0765242751 A^3
epa1: -1.95358152626 eV
B1: 54.4764773778 GPa
lpopt1: 4.24150269176
hof1: 249.004200667 meV/atom
