el1: Mg el2: Fe esub1: 1.51011430257 esub2: 4.28
n1: 1
n2: 3
initlp: 3.90122687677
initvpa: 14.84375
epa0: -3.31251525
vpa0: 14.84375 

Volumespa: [13.970818749999996, 14.402875781249998, 14.843749999999996, 15.293530468750001, 15.752306249999998]
Energiespa: [-3.34229475, -3.3313145, -3.31251525, -3.28673275, -3.254738]
vpa1: 13.6547557512 A^3
epa1: -3.34484981593 eV
B1: 116.715373855 GPa
lpopt1: 3.79415127512
hof1: 242.678759717 meV/atom

Volumespa: [12.851746874947713, 13.249195850596784, 13.654755751162041, 14.068508505178006, 14.490536041179169]
Energiespa: [-3.32575775, -3.340252, -3.34485675, -3.34052625, -3.32814525]
vpa1: 13.6540270899 A^3
epa1: -3.34485602695 eV
B1: 116.397144102 GPa
lpopt1: 3.79408378459
hof1: 242.67254869 meV/atom
