el1: Mg el2: Fe esub1: 1.51011430257 esub2: 4.28
n1: 1
n2: 1
initlp: 4.91523786246
initvpa: 14.84375
epa0: -2.17801285
vpa0: 14.84375 

Volumespa: [13.970818749999994, 14.402875781249991, 14.843749999999996, 15.293530468749999, 15.752306249999984]
Energiespa: [-2.07685, -2.13211535, -2.17801285, -2.2152824, -2.2446158]
vpa1: 17.758793723 A^3
epa1: -2.29467550973 eV
B1: 57.8367045216 GPa
lpopt1: 5.21796485826
hof1: 600.381641551 meV/atom

Volumespa: [16.714434581726277, 17.231339790621274, 17.75879372298774, 18.296902931587997, 18.845773969184378]
Energiespa: [-2.2824511, -2.2918482, -2.2949957, -2.2924762, -2.2848306]
vpa1: 17.7795934075 A^3
epa1: -2.29499954847 eV
B1: 56.5124296229 GPa
lpopt1: 5.22000121426
hof1: 600.057602813 meV/atom
