el1: Si el2: Cu esub1: 4.63 esub2: 3.54
n1: 1
n2: 1
initlp: 4.91523786246
initvpa: 14.84375
epa0: -3.94495835
vpa0: 14.84375 

Volumespa: [13.970818749999994, 14.402875781249991, 14.843749999999996, 15.293530468749999, 15.752306249999984]
Energiespa: [-3.92421505, -3.9394903, -3.94495835, -3.9414936, -3.9299107]
vpa1: 14.8869572544 A^3
epa1: -3.94499921626 eV
B1: 105.950170848 GPa
lpopt1: 4.92000234146
hof1: 140.000783744 meV/atom

Volumespa: [14.011485072144465, 14.444799736947083, 14.8869572543588, 15.338046946123123, 15.798158133983595]
Energiespa: [-3.92611275, -3.94042615, -3.945, -3.94070545, -3.9283538]
vpa1: 14.8869402315 A^3
epa1: -3.94499921933 eV
B1: 105.949854868 GPa
lpopt1: 4.92000046616
hof1: 140.000780674 meV/atom
