el1: Si el2: Cu esub1: 4.63 esub2: 3.54
n1: 1
n2: 3
initlp: 3.90122687677
initvpa: 14.84375
epa0: -3.72757475
vpa0: 14.84375 

Volumespa: [13.970818749999996, 14.402875781249998, 14.843749999999996, 15.293530468750001, 15.752306249999998]
Energiespa: [-3.77363425, -3.75477575, -3.72757475, -3.69294175, -3.651716]
vpa1: 13.3718899686 A^3
epa1: -3.7841024872 eV
B1: 135.506685842 GPa
lpopt1: 3.76776894203
hof1: 28.3975127966 meV/atom

Volumespa: [12.585515863321342, 12.974731464637218, 13.371889968594445, 13.777071606532823, 14.19035660979217]
Energiespa: [-3.76254125, -3.77894, -3.78413325, -3.77919075, -3.7651055]
vpa1: 13.3700583062 A^3
epa1: -3.78413246033 eV
B1: 134.869418172 GPa
lpopt1: 3.76759689964
hof1: 28.3675396746 meV/atom
