el1: Si el2: Cu esub1: 4.63 esub2: 3.54
n1: 1
n2: 2
initlp: 5.62654278669
initvpa: 14.84375
epa0: -3.94412833333
vpa0: 14.84375 

Volumespa: [13.970818749999998, 14.402875781250001, 14.84375, 15.293530468750005, 15.752306250000002]
Energiespa: [-3.9272716666666665, -3.9403536666666668, -3.9441283333333335, -3.9393816666666663, -3.9268516666666664]
vpa1: 14.81181882 A^3
epa1: -3.94414925491 eV
B1: 102.821724373 GPa
lpopt1: 5.6225053718
hof1: -40.8159215774 meV/atom

Volumespa: [13.940765378797735, 14.371892989190373, 14.811818819962065, 15.260631742025735, 15.718420626294305]
Energiespa: [-3.9259799999999996, -3.9397409999999997, -3.9441503333333334, -3.9399956666666665, -3.9280173333333335]
vpa1: 14.8118292633 A^3
epa1: -3.94414917935 eV
B1: 102.821354949 GPa
lpopt1: 5.62250669322
hof1: -40.8158460134 meV/atom
