el1: Si el2: Fe esub1: 4.63 esub2: 4.28
n1: 2
n2: 6
initlp: 4.91523786246
initvpa: 14.84375
epa0: -4.392168875
vpa0: 14.84375 

Volumespa: [13.970818749999996, 14.402875781249987, 14.843749999999986, 15.293530468750003, 15.752306249999986]
Energiespa: [-4.496345125, -4.447507125, -4.392168875, -4.3313965, -4.26603975]
vpa1: 12.2033162062 A^3
epa1: -4.60375924621 eV
B1: 176.71880992 GPa
lpopt1: 4.60457216555
hof1: -236.259246211 meV/atom

Volumespa: [11.485663586706268, 11.840865511518912, 12.203316206158011, 12.573088890520808, 12.950256784504532]
Energiespa: [-4.56412525, -4.58943025, -4.59927225, -4.595662375, -4.580382875]
vpa1: 12.2808395438 A^3
epa1: -4.5995709176 eV
B1: 190.045326815 GPa
lpopt1: 4.61430199552
hof1: -232.0709176 meV/atom
