el1: Si el2: Fe esub1: 4.63 esub2: 4.28
n1: 1
n2: 1
initlp: 4.91523786246
initvpa: 14.84375
epa0: -4.4822538
vpa0: 14.84375 

Volumespa: [13.970818749999994, 14.402875781249991, 14.843749999999996, 15.293530468749999, 15.752306249999984]
Energiespa: [-4.5215119, -4.5068886, -4.4822538, -4.4489576, -4.40819585]
vpa1: 13.6488242969 A^3
epa1: -4.52504018592 eV
B1: 156.204826352 GPa
lpopt1: 4.77963878586
hof1: -70.0401859203 meV/atom

Volumespa: [12.846164237646413, 13.243440566456233, 13.648824296898418, 14.062397321918739, 14.484241534462978]
Energiespa: [-4.4983047, -4.51857635, -4.52499965, -4.51930185, -4.5030201]
vpa1: 13.6519034099 A^3
epa1: -4.52500325232 eV
B1: 157.898898577 GPa
lpopt1: 4.77999818045
hof1: -70.0032523216 meV/atom
