el1: Si el2: Fe esub1: 4.63 esub2: 4.28
n1: 1
n2: 3
initlp: 3.90122687677
initvpa: 14.84375
epa0: -4.229068
vpa0: 14.84375 

Volumespa: [13.970818749999996, 14.402875781249998, 14.843749999999996, 15.293530468750001, 15.752306249999998]
Energiespa: [-4.3505275, -4.29260675, -4.229068, -4.1608145, -4.08865125]
vpa1: 11.7574192005 A^3
epa1: -4.51914353426 eV
B1: 182.422670493 GPa
lpopt1: 3.60958548357
hof1: -151.643534256 meV/atom

Volumespa: [11.065988892192934, 11.408212092862996, 11.757419200538186, 12.113680759733695, 12.477067314964728]
Energiespa: [-4.486631, -4.508855, -4.5167695, -4.5120415, -4.49617125]
vpa1: 11.794819996 A^3
epa1: -4.51684168144 eV
B1: 188.613114067 GPa
lpopt1: 3.6134088417
hof1: -149.341681442 meV/atom
