el1: Si el2: Mg esub1: 4.63 esub2: 1.51011430257
n1: 1
n2: 2
initlp: 5.62654278669
initvpa: 14.84375
epa0: -1.59186083333
vpa0: 14.84375 

Volumespa: [13.970818749999998, 14.402875781250001, 14.84375, 15.293530468750005, 15.752306250000002]
Energiespa: [-1.2733307666666667, -1.4407226, -1.5918608333333333, -1.7278084333333332, -1.8495685]
vpa1: 22.6036033241 A^3
epa1: -2.49092317656 eV
B1: 57.1783169164 GPa
lpopt1: 6.47320917576
hof1: 59.1530251525 meV/atom

Volumespa: [21.274330619857157, 21.932253701813, 22.603603324143382, 23.288515108468236, 23.987124676407532]
Energiespa: [-2.484215266666667, -2.4989123, -2.5064350333333336, -2.5074393, -2.5025346333333336]
vpa1: 23.0535699992 A^3
epa1: -2.50779039352 eV
B1: 47.7835486198 GPa
lpopt1: 6.51588100954
hof1: 42.2858081892 meV/atom
