el1: Si el2: Mg esub1: 4.63 esub2: 1.51011430257
n1: 2
n2: 6
initlp: 4.91523786246
initvpa: 14.84375
epa0: -1.65930525
vpa0: 14.84375 

Volumespa: [13.970818749999996, 14.402875781249987, 14.843749999999986, 15.293530468750003, 15.752306249999986]
Energiespa: [-1.3796975, -1.528001125, -1.65930525, -1.77491275, -1.876036]
vpa1: 21.1599311593 A^3
epa1: -2.30135001132 eV
B1: 59.0687394083 GPa
lpopt1: 5.53182049674
hof1: -11.264284397 meV/atom

Volumespa: [19.915557927723089, 20.531460043978051, 21.159931159341657, 21.801098233400893, 22.455088225742664]
Energiespa: [-2.28785375, -2.299895125, -2.304373125, -2.302039375, -2.293587625]
vpa1: 21.2495121394 A^3
epa1: -2.30443965808 eV
B1: 56.3244195111 GPa
lpopt1: 5.53961586301
hof1: -14.3539311529 meV/atom
