el1: Al el2: Cu esub1: 3.353 esub2: 3.54
n1: 1
n2: 3
initlp: 3.90122687677
initvpa: 14.84375
epa0: -3.53192
vpa0: 14.84375 

Volumespa: [13.970818749999996, 14.402875781249998, 14.843749999999996, 15.293530468750001, 15.752306249999998]
Energiespa: [-3.572741, -3.556473, -3.53192, -3.5000265, -3.46165625]
vpa1: 13.4713168854 A^3
epa1: -3.57986576702 eV
B1: 132.018453236 GPa
lpopt1: 3.77708432863
hof1: -86.6157670165 meV/atom

Volumespa: [12.679095681990313, 13.071205302573256, 13.471316885386102, 13.879511258330183, 14.295869249306824]
Energiespa: [-3.55842625, -3.574706, -3.579871, -3.57504875, -3.5612775]
vpa1: 13.4709596766 A^3
epa1: -3.57987060522 eV
B1: 131.871659759 GPa
lpopt1: 3.77705094363
hof1: -86.6206052192 meV/atom
