el1: Al el2: Fe esub1: 3.353 esub2: 4.28
n1: 1
n2: 3
initlp: 6.19281164815
initvpa: 14.84375
epa0: -3.50695625
vpa0: 14.84375 

Volumespa: [13.970818749999996, 14.402875781249998, 14.843749999999996, 15.293530468750001, 15.752306249999998]
Energiespa: [-3.59751775, -3.55491775, -3.50695625, -3.45431575, -3.39762375]
vpa1: 12.0237248287 A^3
epa1: -3.70135071182 eV
B1: 139.313814208 GPa
lpopt1: 5.77279768111
hof1: 346.899288177 meV/atom

Volumespa: [11.31663361900649, 11.666608177596475, 12.023724828734728, 12.388055714770218, 12.759672978051926]
Energiespa: [-3.682769, -3.69744925, -3.70188425, -3.69707475, -3.6839125]
vpa1: 12.0103039504 A^3
epa1: -3.70189314162 eV
B1: 137.467028998 GPa
lpopt1: 5.77064901641
hof1: 346.356858383 meV/atom
