el1: Al el2: Fe esub1: 3.353 esub2: 4.28
n1: 3
n2: 1
initlp: 3.90122687677
initvpa: 14.84375
epa0: -3.6339225
vpa0: 14.84375 

Volumespa: [13.970818749999996, 14.402875781249998, 14.843749999999996, 15.293530468750001, 15.752306249999998]
Energiespa: [-3.6128315, -3.62848925, -3.6339225, -3.63022025, -3.618375]
vpa1: 14.8776923038 A^3
epa1: -3.63394921773 eV
B1: 108.456863582 GPa
lpopt1: 3.90419817953
hof1: -49.1992177295 meV/atom

Volumespa: [14.002764974812369, 14.435809964699507, 14.877692303815131, 15.328501258313038, 15.788326094347051]
Energiespa: [-3.614379, -3.629241, -3.63394875, -3.62958625, -3.61714075]
vpa1: 14.8777059381 A^3
epa1: -3.63394919733 eV
B1: 108.456753885 GPa
lpopt1: 3.90419937217
hof1: -49.1991973311 meV/atom
