el1: Al el2: Mg esub1: 3.353 esub2: 1.51011430257
n1: 1
n2: 3
initlp: 3.90122687677
initvpa: 14.84375
epa0: -1.368661025
vpa0: 14.84375 

Volumespa: [13.970818749999996, 14.402875781249998, 14.843749999999996, 15.293530468750001, 15.752306249999998]
Energiespa: [-1.114454725, -1.248666875, -1.368661025, -1.475430225, -1.5699081]
vpa1: 21.677916613 A^3
epa1: -2.00711085703 eV
B1: 51.9455234859 GPa
lpopt1: 4.42614710941
hof1: -36.2751301002 meV/atom

Volumespa: [20.403081692836786, 21.034060811691816, 21.677916613014972, 22.334779164305946, 23.004778533064417]
Energiespa: [-1.99833405, -2.01041935, -2.01610055, -2.01599385, -2.010670125]
vpa1: 21.9892335538 A^3
epa1: -2.01673531592 eV
B1: 44.9980866795 GPa
lpopt1: 4.44723447601
hof1: -45.8995889916 meV/atom
