el1: Al el2: Si esub1: 3.353 esub2: 4.63
n1: 1
n2: 1
initlp: 3.09640582408
initvpa: 14.84375
epa0: -3.7959489
vpa0: 14.84375 

Volumespa: [13.970818749999999, 14.402875781249996, 14.843749999999996, 15.293530468749999, 15.752306249999998]
Energiespa: [-3.70921755, -3.75892575, -3.7959489, -3.8213525, -3.83613085]
vpa1: 16.24644478 A^3
epa1: -3.84120694216 eV
B1: 102.66071896 GPa
lpopt1: 3.19101940213
hof1: 150.293057835 meV/atom

Volumespa: [15.291023855361574, 15.763909123572537, 16.246444779982806, 16.73872830326107, 17.240857172075994]
Energiespa: [-3.82124235, -3.8363727, -3.8412272, -3.83674955, -3.82381725]
vpa1: 16.2483740559 A^3
epa1: -3.84122646663 eV
B1: 102.114738778 GPa
lpopt1: 3.191145709
hof1: 150.273533371 meV/atom
