el1: Al el2: Si esub1: 3.353 esub2: 4.63
n1: 1
n2: 1
initlp: 4.91523786246
initvpa: 14.84375
epa0: -3.53215275
vpa0: 14.84375 

Volumespa: [13.970818749999994, 14.402875781249991, 14.843749999999996, 15.293530468749999, 15.752306249999984]
Energiespa: [-3.38879385, -3.46670635, -3.53215275, -3.58604035, -3.62922245]
vpa1: 17.9572973956 A^3
epa1: -3.71088110339 eV
B1: 78.5543787086 GPa
lpopt1: 5.23733459956
hof1: 280.618896607 meV/atom

Volumespa: [16.901264650333655, 17.423947705626595, 17.957297395572493, 18.501421463955733, 19.056427654560707]
Energiespa: [-3.6942392, -3.7071044, -3.71149, -3.70812605, -3.69769445]
vpa1: 17.9847438591 A^3
epa1: -3.71149926762 eV
B1: 76.359958681 GPa
lpopt1: 5.24000154022
hof1: 280.000732379 meV/atom
