el1: Al el2: Si esub1: 3.353 esub2: 4.63
n1: 2
n2: 1
initlp: 5.62654278669
initvpa: 14.84375
epa0: -3.2787117
vpa0: 14.84375 

Volumespa: [13.970818749999998, 14.402875781250001, 14.84375, 15.293530468750005, 15.752306250000002]
Energiespa: [-3.0752484333333334, -3.1843914000000004, -3.2787117, -3.359341333333333, -3.4273333333333333]
vpa1: 19.2040919034 A^3
epa1: -3.62282586139 eV
B1: 72.4967146931 GPa
lpopt1: 6.13091093713
hof1: 155.840805279 meV/atom

Volumespa: [18.074737666755155, 18.633711169787741, 19.204091903410948, 19.78599509217619, 20.379535960634929]
Energiespa: [-3.6056033333333333, -3.6178256666666666, -3.6213863333333336, -3.617054, -3.605544]
vpa1: 19.1670191444 A^3
epa1: -3.62140212798 eV
B1: 73.5919864267 GPa
lpopt1: 6.12696323334
hof1: 157.264538686 meV/atom
