el1: Cu el2: Fe esub1: 3.54 esub2: 4.28
n1: 1
n2: 1
initlp: 3.09640582408
initvpa: 14.84375
epa0: -3.4804384
vpa0: 14.84375 

Volumespa: [13.970818749999999, 14.402875781249996, 14.843749999999996, 15.293530468749999, 15.752306249999998]
Energiespa: [-3.5819373, -3.53428545, -3.4804384, -3.4212446, -3.35747725]
vpa1: 12.1097575441 A^3
epa1: -3.69244394164 eV
B1: 162.740707423 GPa
lpopt1: 2.89326678433
hof1: 217.556058365 meV/atom

Volumespa: [11.397606922426217, 11.750085635261708, 12.109757544078379, 12.476695307421501, 12.85097158383633]
Energiespa: [-3.66933945, -3.6871115, -3.69265595, -3.68720675, -3.6719028]
vpa1: 12.1048069191 A^3
epa1: -3.69265631588 eV
B1: 161.713996351 GPa
lpopt1: 2.89287246234
hof1: 217.343684117 meV/atom
