el1: Si el2: Fe esub1: 4.63 esub2: 4.28
n1: 1
n2: 1
initlp: 3.09640582408
initvpa: 14.84375
epa0: -4.5764934
vpa0: 14.84375 

Volumespa: [13.970818749999999, 14.402875781249996, 14.843749999999996, 15.293530468749999, 15.752306249999998]
Energiespa: [-4.64777245, -4.6167305, -4.5764934, -4.5283166, -4.47331415]
vpa1: 13.0771018671 A^3
epa1: -4.67682964331 eV
B1: 174.167401394 GPa
lpopt1: 2.96834129642
hof1: -221.829643307 meV/atom

Volumespa: [12.30806366054342, 12.688698864590446, 13.077101867146565, 13.473351130822984, 13.877525118230874]
Energiespa: [-4.6472237, -4.66932305, -4.6765139, -4.6706019, -4.6531981]
vpa1: 13.087757219 A^3
epa1: -4.67652188315 eV
B1: 177.657537824 GPa
lpopt1: 2.96914728883
hof1: -221.521883149 meV/atom
