el1: Si el2: Fe esub1: 4.63 esub2: 4.28
n1: 1
n2: 3
initlp: 6.19281164815
initvpa: 14.84375
epa0: -4.40709975
vpa0: 14.84375 

Volumespa: [13.970818749999996, 14.402875781249998, 14.843749999999996, 15.293530468750001, 15.752306249999998]
Energiespa: [-4.5135865, -4.46340525, -4.40709975, -4.34549575, -4.27933325]
vpa1: 12.0018615062 A^3
epa1: -4.63807911232 eV
B1: 164.408344874 GPa
lpopt1: 5.76929657209
hof1: -270.579112321 meV/atom

Volumespa: [11.296056034764669, 11.645394217626283, 12.001861506222603, 12.365529911722653, 12.736471445295479]
Energiespa: [-4.610008, -4.62983725, -4.6366845, -4.632018, -4.61711425]
vpa1: 12.0289318575 A^3
epa1: -4.63672270896 eV
B1: 169.270018781 GPa
lpopt1: 5.77363088896
hof1: -269.22270896 meV/atom
